Using pre-set license
Built from '2022.3/staging' branch; Version is '2022.3.16f1 (d2c21f0ef2f1) revision 13812255'; Using compiler version '192829333'; Build Type 'Release'
OS: 'Windows 11  (10.0.22631) 64bit Professional' Language: 'ko' Physical Memory: 16225 MB
BatchMode: 1, IsHumanControllingUs: 0, StartBugReporterOnCrash: 0, Is64bit: 1, IsPro: 1

COMMAND LINE ARGUMENTS:
C:\Program Files\Unity\Hub\Editor\2022.3.16f1\Editor\Unity.exe
-adb2
-batchMode
-noUpm
-name
AssetImportWorker4
-projectPath
C:/Users/wltn9/TASK
-logFile
Logs/AssetImportWorker4.log
-srvPort
50701
Successfully changed project path to: C:/Users/wltn9/TASK
C:/Users/wltn9/TASK
[UnityMemory] Configuration Parameters - Can be set up in boot.config
    "memorysetup-bucket-allocator-granularity=16"
    "memorysetup-bucket-allocator-bucket-count=8"
    "memorysetup-bucket-allocator-block-size=33554432"
    "memorysetup-bucket-allocator-block-count=8"
    "memorysetup-main-allocator-block-size=16777216"
    "memorysetup-thread-allocator-block-size=16777216"
    "memorysetup-gfx-main-allocator-block-size=16777216"
    "memorysetup-gfx-thread-allocator-block-size=16777216"
    "memorysetup-cache-allocator-block-size=4194304"
    "memorysetup-typetree-allocator-block-size=2097152"
    "memorysetup-profiler-bucket-allocator-granularity=16"
    "memorysetup-profiler-bucket-allocator-bucket-count=8"
    "memorysetup-profiler-bucket-allocator-block-size=33554432"
    "memorysetup-profiler-bucket-allocator-block-count=8"
    "memorysetup-profiler-allocator-block-size=16777216"
    "memorysetup-profiler-editor-allocator-block-size=1048576"
    "memorysetup-temp-allocator-size-main=16777216"
    "memorysetup-job-temp-allocator-block-size=2097152"
    "memorysetup-job-temp-allocator-block-size-background=1048576"
    "memorysetup-job-temp-allocator-reduction-small-platforms=262144"
    "memorysetup-allocator-temp-initial-block-size-main=262144"
    "memorysetup-allocator-temp-initial-block-size-worker=262144"
    "memorysetup-temp-allocator-size-background-worker=32768"
    "memorysetup-temp-allocator-size-job-worker=262144"
    "memorysetup-temp-allocator-size-preload-manager=33554432"
    "memorysetup-temp-allocator-size-nav-mesh-worker=65536"
    "memorysetup-temp-allocator-size-audio-worker=65536"
    "memorysetup-temp-allocator-size-cloud-worker=32768"
    "memorysetup-temp-allocator-size-gi-baking-worker=262144"
    "memorysetup-temp-allocator-size-gfx=262144"
Player connection [31664] Host "[IP] 192.168.0.19 [Port] 0 [Flags] 2 [Guid] 267209627 [EditorId] 267209627 [Version] 1048832 [Id] WindowsEditor(7,ParkJisu) [Debug] 1 [PackageName] WindowsEditor [ProjectName] Editor" joined multi-casting on [225.0.0.222:54997]...

Player connection [31664] Host "[IP] 192.168.0.19 [Port] 0 [Flags] 2 [Guid] 267209627 [EditorId] 267209627 [Version] 1048832 [Id] WindowsEditor(7,ParkJisu) [Debug] 1 [PackageName] WindowsEditor [ProjectName] Editor" joined alternative multi-casting on [225.0.0.222:34997]...

[Physics::Module] Initialized MultithreadedJobDispatcher with 19 workers.
Refreshing native plugins compatible for Editor in 3.86 ms, found 3 plugins.
Preloading 0 native plugins for Editor in 0.00 ms.
Initialize engine version: 2022.3.16f1 (d2c21f0ef2f1)
[Subsystems] Discovering subsystems at path C:/Program Files/Unity/Hub/Editor/2022.3.16f1/Editor/Data/Resources/UnitySubsystems
[Subsystems] Discovering subsystems at path C:/Users/wltn9/TASK/Assets
GfxDevice: creating device client; threaded=0; jobified=0
Direct3D:
    Version:  Direct3D 11.0 [level 11.1]
    Renderer: NVIDIA GeForce RTX 3060 (ID=0x2504)
    Vendor:   NVIDIA
    VRAM:     12143 MB
    Driver:   30.0.14.7212
Initialize mono
Mono path[0] = 'C:/Program Files/Unity/Hub/Editor/2022.3.16f1/Editor/Data/Managed'
Mono path[1] = 'C:/Program Files/Unity/Hub/Editor/2022.3.16f1/Editor/Data/MonoBleedingEdge/lib/mono/unityjit-win32'
Mono config path = 'C:/Program Files/Unity/Hub/Editor/2022.3.16f1/Editor/Data/MonoBleedingEdge/etc'
Using monoOptions --debugger-agent=transport=dt_socket,embedding=1,server=y,suspend=n,address=127.0.0.1:56512
Begin MonoManager ReloadAssembly
Registering precompiled unity dll's ...
Register platform support module: C:/Program Files/Unity/Hub/Editor/2022.3.16f1/Editor/Data/PlaybackEngines/AndroidPlayer/UnityEditor.Android.Extensions.dll
Register platform support module: C:/Program Files/Unity/Hub/Editor/2022.3.16f1/Editor/Data/PlaybackEngines/iOSSupport/UnityEditor.iOS.Extensions.dll
Register platform support module: C:/Program Files/Unity/Hub/Editor/2022.3.16f1/Editor/Data/PlaybackEngines/WindowsStandaloneSupport/UnityEditor.WindowsStandalone.Extensions.dll
Registered in 0.004335 seconds.
- Loaded All Assemblies, in  0.232 seconds
Native extension for WindowsStandalone target not found
[usbmuxd] Start listen thread
[usbmuxd] Listen thread started
Native extension for iOS target not found
Native extension for Android target not found
Android Extension - Scanning For ADB Devices 169 ms
Mono: successfully reloaded assembly
- Finished resetting the current domain, in  0.397 seconds
Domain Reload Profiling: 628ms
	BeginReloadAssembly (72ms)
		ExecutionOrderSort (0ms)
		DisableScriptedObjects (0ms)
		BackupInstance (0ms)
		ReleaseScriptingObjects (0ms)
		CreateAndSetChildDomain (1ms)
	RebuildCommonClasses (22ms)
	RebuildNativeTypeToScriptingClass (7ms)
	initialDomainReloadingComplete (37ms)
	LoadAllAssembliesAndSetupDomain (92ms)
		LoadAssemblies (71ms)
		RebuildTransferFunctionScriptingTraits (0ms)
		AnalyzeDomain (90ms)
			TypeCache.Refresh (90ms)
				TypeCache.ScanAssembly (81ms)
			ScanForSourceGeneratedMonoScriptInfo (0ms)
			ResolveRequiredComponents (0ms)
	FinalizeReload (397ms)
		ReleaseScriptCaches (0ms)
		RebuildScriptCaches (0ms)
		SetupLoadedEditorAssemblies (358ms)
			LogAssemblyErrors (0ms)
			InitializePlatformSupportModulesInManaged (247ms)
			SetLoadedEditorAssemblies (3ms)
			RefreshPlugins (0ms)
			BeforeProcessingInitializeOnLoad (1ms)
			ProcessInitializeOnLoadAttributes (77ms)
			ProcessInitializeOnLoadMethodAttributes (30ms)
			AfterProcessingInitializeOnLoad (0ms)
			EditorAssembliesLoaded (0ms)
		ExecutionOrderSort2 (0ms)
		AwakeInstancesAfterBackupRestoration (0ms)
========================================================================
Worker process is ready to serve import requests
Begin MonoManager ReloadAssembly
- Loaded All Assemblies, in  0.446 seconds
Refreshing native plugins compatible for Editor in 1.48 ms, found 3 plugins.
Native extension for WindowsStandalone target not found
Native extension for iOS target not found
Native extension for Android target not found
Package Manager log level set to [2]
[Package Manager] Server::EnsureServerProcessIsRunning -- launch failed, reason: Unity was launched with the -noUpm command-line argument
[Package Manager] UpmClient::Send -- Unable to send message (not connected to UPM process).
[Package Manager] Cannot connect to Unity Package Manager local server
Mono: successfully reloaded assembly
- Finished resetting the current domain, in  0.419 seconds
Domain Reload Profiling: 864ms
	BeginReloadAssembly (95ms)
		ExecutionOrderSort (0ms)
		DisableScriptedObjects (3ms)
		BackupInstance (0ms)
		ReleaseScriptingObjects (0ms)
		CreateAndSetChildDomain (15ms)
	RebuildCommonClasses (21ms)
	RebuildNativeTypeToScriptingClass (7ms)
	initialDomainReloadingComplete (25ms)
	LoadAllAssembliesAndSetupDomain (296ms)
		LoadAssemblies (208ms)
		RebuildTransferFunctionScriptingTraits (0ms)
		AnalyzeDomain (143ms)
			TypeCache.Refresh (127ms)
				TypeCache.ScanAssembly (115ms)
			ScanForSourceGeneratedMonoScriptInfo (12ms)
			ResolveRequiredComponents (3ms)
	FinalizeReload (419ms)
		ReleaseScriptCaches (0ms)
		RebuildScriptCaches (0ms)
		SetupLoadedEditorAssemblies (320ms)
			LogAssemblyErrors (0ms)
			InitializePlatformSupportModulesInManaged (22ms)
			SetLoadedEditorAssemblies (2ms)
			RefreshPlugins (0ms)
			BeforeProcessingInitializeOnLoad (39ms)
			ProcessInitializeOnLoadAttributes (231ms)
			ProcessInitializeOnLoadMethodAttributes (23ms)
			AfterProcessingInitializeOnLoad (3ms)
			EditorAssembliesLoaded (0ms)
		ExecutionOrderSort2 (0ms)
		AwakeInstancesAfterBackupRestoration (4ms)
Launched and connected shader compiler UnityShaderCompiler.exe after 0.04 seconds
Refreshing native plugins compatible for Editor in 1.40 ms, found 3 plugins.
Preloading 0 native plugins for Editor in 0.00 ms.
Unloading 3875 Unused Serialized files (Serialized files now loaded: 0)
Unloading 37 unused Assets / (57.2 KB). Loaded Objects now: 4343.
Memory consumption went from 143.4 MB to 143.3 MB.
Total: 2.382200 ms (FindLiveObjects: 0.182300 ms CreateObjectMapping: 0.083800 ms MarkObjects: 2.036000 ms  DeleteObjects: 0.079400 ms)

AssetImportParameters requested are different than current active one (requested -> active):
  custom:scripting/monoscript/fileName/PlayAnimationClip.cs: 36e1592a5d177dc523b61de9e51a18fc -> 
  custom:container-demuxer-ogg: 62fdf1f143b41e24485cea50d1cbac27 -> 
  custom:video-decoder-ogg-theora: a1e56fd34408186e4bbccfd4996cb3dc -> 
  custom:framework-win-MediaFoundation: 216162199b28c13a410421893ffa2e32 -> 
  custom:scripting/monoscript/fileName/ScrollerEditor.cs: b3df2dcf1f65b7cf02fa2f870241096c -> 
  custom:scripting/monoscript/fileName/ContainClip.cs: eb1ccbfd925c44140f0ef623cb45fca1 -> 
  custom:scripting/monoscript/fileName/ResumeAnimator.cs: 47698f3fc95a4492af771ef1d094cd65 -> 
  custom:scripting/monoscript/fileName/ItemControllerLimited.cs: 891782801e2a84cf00234c5ec72321ee -> 
  custom:scripting/monoscript/fileName/UIInfinite.cs: 2de8123a93e23a691da1fa8a34f0264c -> 8d609a19623647efe25830a11b2767ba
  custom:scripting/monoscript/fileName/InfiniteScroll.cs: 771961bfdab7ffdb7fb9b64b7ff3aeea -> 
  custom:CustomObjectIndexerAttribute: 43b350a4d6e6d1791af0b5038c4bea17 -> 
  custom:container-demuxer-webm: 4f35f7cbe854078d1ac9338744f61a02 -> 
  custom:scripting/monoscript/fileName/ScrollContent.cs: 8bd94bae2a7176f9a6c8e8e1635410dd -> 
  custom:scripting/monoscript/fileName/AnimatorParameter.cs: 8e2ab5bc4003954b935a0e4b79043e58 -> 
  custom:container-muxer-webm: aa71ff27fc2769a1b78a27578f13a17b -> 
  custom:video-decoder-webm-vp8: 9c59270c3fd7afecdb556c50c9e8de78 -> 
  custom:SearchIndexIgnoredProperties: e643bd26f0fe6173181afceb89e7c659 -> 
  custom:scripting/monoscript/fileName/ActiveDeactiveObject.cs: 0e781f0b78d4b55abfb336a8658e9d9a -> 
  custom:AudioImporter_EditorPlatform: d09bf68614088b80899f8185d706f6e7 -> 
  custom:scripting/monoscript/fileName/ItemControllerLoop.cs: a906ddeb7c2072953f1dcb08046961bc -> 
  custom:scripting/monoscript/fileName/Scroller.cs: 758c316556a139f9f0a8c657625ecaa2 -> 
  custom:video-encoder-webm-vp8: eb34c28f22e8b96e1ab97ce403110664 -> 
  custom:scripting/monoscript/fileName/RingCommand.cs: 7600c151c6a5e5a6a547af89be241aaa -> 
  custom:audio-decoder-ogg-vorbis: bf7c407c2cedff20999df2af8eb42d56 -> 
  custom:scripting/monoscript/fileName/Item.cs: edfd25bbe8f561e55c7415f9c3adacfe -> 
  custom:scripting/monoscript/fileName/IInfiniteScrollSetup.cs: 0b91d4c743f1a0896f554050f2abd75d -> 
  custom:audio-encoder-webm-vorbis: bf7c407c2cedff20999df2af8eb42d56 -> 
  custom:scripting/monoscript/fileName/ItemControllerInfinite.cs: 4c5366eba29133d45be318638d481a88 -> 
========================================================================
Received Import Request.
  Time since last request: 75366.107302 seconds.
  path: Assets/Plugins/UniTask/Editor
  artifactKey: Guid(ca0bda71ae1aa6e48a7281fd16b6c60c) Importer(815301076,1909f56bfc062723c751e8b465ee728b)
Start importing Assets/Plugins/UniTask/Editor using Guid(ca0bda71ae1aa6e48a7281fd16b6c60c) Importer(815301076,1909f56bfc062723c751e8b465ee728b)  -> (artifact id: '4737160591065a09c141894e5023545c') in 0.002325 seconds
Number of updated asset objects reloaded before import = 0
Number of asset objects unloaded after import = 0
========================================================================
Received Import Request.
  Time since last request: 0.000024 seconds.
  path: Assets/Plugins/UniTask/Runtime
  artifactKey: Guid(edd92d7dbbfb8ce4f9b23a4cb2282e31) Importer(815301076,1909f56bfc062723c751e8b465ee728b)
Start importing Assets/Plugins/UniTask/Runtime using Guid(edd92d7dbbfb8ce4f9b23a4cb2282e31) Importer(815301076,1909f56bfc062723c751e8b465ee728b)  -> (artifact id: '8ff2f769b10f452365b3c29a00c4fdf1') in 0.000299 seconds
Number of updated asset objects reloaded before import = 0
Number of asset objects unloaded after import = 0
========================================================================
Received Import Request.
  Time since last request: 47.928837 seconds.
  path: Assets/Scripts/ScrollData.cs
  artifactKey: Guid(272e2d3979690924db3b6dd80ff85b2c) Importer(815301076,1909f56bfc062723c751e8b465ee728b)
Start importing Assets/Scripts/ScrollData.cs using Guid(272e2d3979690924db3b6dd80ff85b2c) Importer(815301076,1909f56bfc062723c751e8b465ee728b)  -> (artifact id: 'af420136a0f8feac5311edd85db5c0c0') in 0.000333 seconds
Number of updated asset objects reloaded before import = 0
Number of asset objects unloaded after import = 0
========================================================================
Received Import Request.
  Time since last request: 1.038046 seconds.
  path: Assets/Scripts/ScrollRectInfinite.cs
  artifactKey: Guid(746413ce326ef764b93b7687bcebe7d9) Importer(815301076,1909f56bfc062723c751e8b465ee728b)
Start importing Assets/Scripts/ScrollRectInfinite.cs using Guid(746413ce326ef764b93b7687bcebe7d9) Importer(815301076,1909f56bfc062723c751e8b465ee728b)  -> (artifact id: '62191017d732e588d5bc8cb0ce817152') in 0.000337 seconds
Number of updated asset objects reloaded before import = 0
Number of asset objects unloaded after import = 0
========================================================================
Received Import Request.
  Time since last request: 0.639311 seconds.
  path: Assets/Scripts/Singletone.cs
  artifactKey: Guid(16a4161078777e546a8564a967e65038) Importer(815301076,1909f56bfc062723c751e8b465ee728b)
Start importing Assets/Scripts/Singletone.cs using Guid(16a4161078777e546a8564a967e65038) Importer(815301076,1909f56bfc062723c751e8b465ee728b)  -> (artifact id: 'a02de6e3561d10aa145d0a3b10c0a7a7') in 0.000320 seconds
Number of updated asset objects reloaded before import = 0
Number of asset objects unloaded after import = 0
========================================================================
Received Import Request.
  Time since last request: 0.661384 seconds.
  path: Assets/Scripts/Task.cs
  artifactKey: Guid(e77f4912234d6754f98580aabb42af26) Importer(815301076,1909f56bfc062723c751e8b465ee728b)
Start importing Assets/Scripts/Task.cs using Guid(e77f4912234d6754f98580aabb42af26) Importer(815301076,1909f56bfc062723c751e8b465ee728b)  -> (artifact id: 'f1e6d20a9bf9179cc88b499230443d30') in 0.000323 seconds
Number of updated asset objects reloaded before import = 0
Number of asset objects unloaded after import = 0
========================================================================
Received Import Request.
  Time since last request: 0.704743 seconds.
  path: Assets/Scripts/UIManager.cs
  artifactKey: Guid(3450e49cd815f3a4295adc8b767077f9) Importer(815301076,1909f56bfc062723c751e8b465ee728b)
Start importing Assets/Scripts/UIManager.cs using Guid(3450e49cd815f3a4295adc8b767077f9) Importer(815301076,1909f56bfc062723c751e8b465ee728b)  -> (artifact id: '5da17aa39e4abee256dd1893c77bfeb8') in 0.000454 seconds
Number of updated asset objects reloaded before import = 0
Number of asset objects unloaded after import = 0
========================================================================
Received Import Request.
  Time since last request: 0.923134 seconds.
  path: Assets/Scripts/UIScrollRectInfinite.cs
  artifactKey: Guid(57fd2315c9bb9c84da2045b33fbac1a4) Importer(815301076,1909f56bfc062723c751e8b465ee728b)
Start importing Assets/Scripts/UIScrollRectInfinite.cs using Guid(57fd2315c9bb9c84da2045b33fbac1a4) Importer(815301076,1909f56bfc062723c751e8b465ee728b)  -> (artifact id: 'cd8d708bacff65acecc574810e071f54') in 0.000354 seconds
Number of updated asset objects reloaded before import = 0
Number of asset objects unloaded after import = 0
========================================================================
Received Import Request.
  Time since last request: 4.711629 seconds.
  path: Assets/Scripts/UIScrollRectInfinite_Test.cs
  artifactKey: Guid(8f85a0dc85ece9d41a97d5c642e42415) Importer(815301076,1909f56bfc062723c751e8b465ee728b)
Start importing Assets/Scripts/UIScrollRectInfinite_Test.cs using Guid(8f85a0dc85ece9d41a97d5c642e42415) Importer(815301076,1909f56bfc062723c751e8b465ee728b)  -> (artifact id: 'c2a213882c9d5d40d4fdca4e70edca2c') in 0.000337 seconds
Number of updated asset objects reloaded before import = 0
Number of asset objects unloaded after import = 0
========================================================================
Received Prepare
Begin MonoManager ReloadAssembly
- Loaded All Assemblies, in  0.297 seconds
Refreshing native plugins compatible for Editor in 1.37 ms, found 3 plugins.
Native extension for WindowsStandalone target not found
Native extension for iOS target not found
Native extension for Android target not found
[Package Manager] Server::EnsureServerProcessIsRunning -- launch failed, reason: Unity was launched with the -noUpm command-line argument
[Package Manager] UpmClient::Send -- Unable to send message (not connected to UPM process).
[Package Manager] Cannot connect to Unity Package Manager local server
Mono: successfully reloaded assembly
- Finished resetting the current domain, in  0.509 seconds
Domain Reload Profiling: 805ms
	BeginReloadAssembly (107ms)
		ExecutionOrderSort (0ms)
		DisableScriptedObjects (3ms)
		BackupInstance (0ms)
		ReleaseScriptingObjects (0ms)
		CreateAndSetChildDomain (26ms)
	RebuildCommonClasses (21ms)
	RebuildNativeTypeToScriptingClass (7ms)
	initialDomainReloadingComplete (17ms)
	LoadAllAssembliesAndSetupDomain (143ms)
		LoadAssemblies (179ms)
		RebuildTransferFunctionScriptingTraits (0ms)
		AnalyzeDomain (16ms)
			TypeCache.Refresh (7ms)
				TypeCache.ScanAssembly (0ms)
			ScanForSourceGeneratedMonoScriptInfo (4ms)
			ResolveRequiredComponents (4ms)
	FinalizeReload (509ms)
		ReleaseScriptCaches (0ms)
		RebuildScriptCaches (0ms)
		SetupLoadedEditorAssemblies (253ms)
			LogAssemblyErrors (0ms)
			InitializePlatformSupportModulesInManaged (19ms)
			SetLoadedEditorAssemblies (2ms)
			RefreshPlugins (0ms)
			BeforeProcessingInitializeOnLoad (37ms)
			ProcessInitializeOnLoadAttributes (168ms)
			ProcessInitializeOnLoadMethodAttributes (25ms)
			AfterProcessingInitializeOnLoad (3ms)
			EditorAssembliesLoaded (0ms)
		ExecutionOrderSort2 (0ms)
		AwakeInstancesAfterBackupRestoration (6ms)
Refreshing native plugins compatible for Editor in 1.53 ms, found 3 plugins.
Preloading 0 native plugins for Editor in 0.00 ms.
Unloading 3847 Unused Serialized files (Serialized files now loaded: 0)
Unloading 27 unused Assets / (33.1 KB). Loaded Objects now: 4342.
Memory consumption went from 143.1 MB to 143.0 MB.
Total: 2.424800 ms (FindLiveObjects: 0.286800 ms CreateObjectMapping: 0.096400 ms MarkObjects: 2.001500 ms  DeleteObjects: 0.039100 ms)

Prepare: number of updated asset objects reloaded= 0
AssetImportParameters requested are different than current active one (requested -> active):
  custom:scripting/monoscript/fileName/PlayAnimationClip.cs: 36e1592a5d177dc523b61de9e51a18fc -> 
  custom:container-demuxer-ogg: 62fdf1f143b41e24485cea50d1cbac27 -> 
  custom:video-decoder-ogg-theora: a1e56fd34408186e4bbccfd4996cb3dc -> 
  custom:framework-win-MediaFoundation: 216162199b28c13a410421893ffa2e32 -> 
  custom:scripting/monoscript/fileName/ScrollerEditor.cs: b3df2dcf1f65b7cf02fa2f870241096c -> 
  custom:scripting/monoscript/fileName/ContainClip.cs: eb1ccbfd925c44140f0ef623cb45fca1 -> 
  custom:scripting/monoscript/fileName/ResumeAnimator.cs: 47698f3fc95a4492af771ef1d094cd65 -> 
  custom:scripting/monoscript/fileName/ItemControllerLimited.cs: 891782801e2a84cf00234c5ec72321ee -> 
  custom:scripting/monoscript/fileName/UIInfinite.cs: 2de8123a93e23a691da1fa8a34f0264c -> 8d609a19623647efe25830a11b2767ba
  custom:scripting/monoscript/fileName/InfiniteScroll.cs: 771961bfdab7ffdb7fb9b64b7ff3aeea -> 
  custom:CustomObjectIndexerAttribute: 43b350a4d6e6d1791af0b5038c4bea17 -> 
  custom:container-demuxer-webm: 4f35f7cbe854078d1ac9338744f61a02 -> 
  custom:scripting/monoscript/fileName/ScrollContent.cs: 8bd94bae2a7176f9a6c8e8e1635410dd -> 
  custom:scripting/monoscript/fileName/AnimatorParameter.cs: 8e2ab5bc4003954b935a0e4b79043e58 -> 
  custom:container-muxer-webm: aa71ff27fc2769a1b78a27578f13a17b -> 
  custom:video-decoder-webm-vp8: 9c59270c3fd7afecdb556c50c9e8de78 -> 
  custom:SearchIndexIgnoredProperties: e643bd26f0fe6173181afceb89e7c659 -> 
  custom:scripting/monoscript/fileName/ActiveDeactiveObject.cs: 0e781f0b78d4b55abfb336a8658e9d9a -> 
  custom:AudioImporter_EditorPlatform: d09bf68614088b80899f8185d706f6e7 -> 
  custom:scripting/monoscript/fileName/ItemControllerLoop.cs: a906ddeb7c2072953f1dcb08046961bc -> 
  custom:scripting/monoscript/fileName/Scroller.cs: 758c316556a139f9f0a8c657625ecaa2 -> 
  custom:video-encoder-webm-vp8: eb34c28f22e8b96e1ab97ce403110664 -> 
  custom:scripting/monoscript/fileName/RingCommand.cs: 7600c151c6a5e5a6a547af89be241aaa -> 
  custom:audio-decoder-ogg-vorbis: bf7c407c2cedff20999df2af8eb42d56 -> 
  custom:scripting/monoscript/fileName/Item.cs: edfd25bbe8f561e55c7415f9c3adacfe -> 
  custom:scripting/monoscript/fileName/IInfiniteScrollSetup.cs: 0b91d4c743f1a0896f554050f2abd75d -> 
  custom:audio-encoder-webm-vorbis: bf7c407c2cedff20999df2af8eb42d56 -> 
  custom:scripting/monoscript/fileName/ItemControllerInfinite.cs: 4c5366eba29133d45be318638d481a88 -> 
========================================================================
Received Prepare
Begin MonoManager ReloadAssembly
- Loaded All Assemblies, in  0.300 seconds
Refreshing native plugins compatible for Editor in 1.28 ms, found 3 plugins.
Native extension for WindowsStandalone target not found
Native extension for iOS target not found
Native extension for Android target not found
[Package Manager] Server::EnsureServerProcessIsRunning -- launch failed, reason: Unity was launched with the -noUpm command-line argument
[Package Manager] UpmClient::Send -- Unable to send message (not connected to UPM process).
[Package Manager] Cannot connect to Unity Package Manager local server
Mono: successfully reloaded assembly
- Finished resetting the current domain, in  0.520 seconds
Domain Reload Profiling: 819ms
	BeginReloadAssembly (110ms)
		ExecutionOrderSort (0ms)
		DisableScriptedObjects (4ms)
		BackupInstance (0ms)
		ReleaseScriptingObjects (0ms)
		CreateAndSetChildDomain (27ms)
	RebuildCommonClasses (21ms)
	RebuildNativeTypeToScriptingClass (7ms)
	initialDomainReloadingComplete (19ms)
	LoadAllAssembliesAndSetupDomain (141ms)
		LoadAssemblies (177ms)
		RebuildTransferFunctionScriptingTraits (0ms)
		AnalyzeDomain (18ms)
			TypeCache.Refresh (9ms)
				TypeCache.ScanAssembly (0ms)
			ScanForSourceGeneratedMonoScriptInfo (4ms)
			ResolveRequiredComponents (4ms)
	FinalizeReload (520ms)
		ReleaseScriptCaches (0ms)
		RebuildScriptCaches (0ms)
		SetupLoadedEditorAssemblies (261ms)
			LogAssemblyErrors (0ms)
			InitializePlatformSupportModulesInManaged (20ms)
			SetLoadedEditorAssemblies (2ms)
			RefreshPlugins (0ms)
			BeforeProcessingInitializeOnLoad (41ms)
			ProcessInitializeOnLoadAttributes (171ms)
			ProcessInitializeOnLoadMethodAttributes (25ms)
			AfterProcessingInitializeOnLoad (3ms)
			EditorAssembliesLoaded (0ms)
		ExecutionOrderSort2 (0ms)
		AwakeInstancesAfterBackupRestoration (6ms)
Refreshing native plugins compatible for Editor in 1.35 ms, found 3 plugins.
Preloading 0 native plugins for Editor in 0.00 ms.
Unloading 3848 Unused Serialized files (Serialized files now loaded: 0)
Unloading 23 unused Assets / (31.1 KB). Loaded Objects now: 4345.
Memory consumption went from 145.3 MB to 145.2 MB.
Total: 2.102200 ms (FindLiveObjects: 0.191200 ms CreateObjectMapping: 0.076000 ms MarkObjects: 1.801200 ms  DeleteObjects: 0.033000 ms)

Prepare: number of updated asset objects reloaded= 0
AssetImportParameters requested are different than current active one (requested -> active):
  custom:scripting/monoscript/fileName/PlayAnimationClip.cs: 36e1592a5d177dc523b61de9e51a18fc -> 
  custom:container-demuxer-ogg: 62fdf1f143b41e24485cea50d1cbac27 -> 
  custom:video-decoder-ogg-theora: a1e56fd34408186e4bbccfd4996cb3dc -> 
  custom:framework-win-MediaFoundation: 216162199b28c13a410421893ffa2e32 -> 
  custom:scripting/monoscript/fileName/ScrollerEditor.cs: b3df2dcf1f65b7cf02fa2f870241096c -> 
  custom:scripting/monoscript/fileName/ContainClip.cs: eb1ccbfd925c44140f0ef623cb45fca1 -> 
  custom:scripting/monoscript/fileName/ResumeAnimator.cs: 47698f3fc95a4492af771ef1d094cd65 -> 
  custom:scripting/monoscript/fileName/ItemControllerLimited.cs: 891782801e2a84cf00234c5ec72321ee -> 
  custom:scripting/monoscript/fileName/UIInfinite.cs: 2de8123a93e23a691da1fa8a34f0264c -> 8d609a19623647efe25830a11b2767ba
  custom:scripting/monoscript/fileName/InfiniteScroll.cs: 771961bfdab7ffdb7fb9b64b7ff3aeea -> 
  custom:CustomObjectIndexerAttribute: 43b350a4d6e6d1791af0b5038c4bea17 -> 
  custom:container-demuxer-webm: 4f35f7cbe854078d1ac9338744f61a02 -> 
  custom:scripting/monoscript/fileName/ScrollContent.cs: 8bd94bae2a7176f9a6c8e8e1635410dd -> 
  custom:scripting/monoscript/fileName/AnimatorParameter.cs: 8e2ab5bc4003954b935a0e4b79043e58 -> 
  custom:container-muxer-webm: aa71ff27fc2769a1b78a27578f13a17b -> 
  custom:video-decoder-webm-vp8: 9c59270c3fd7afecdb556c50c9e8de78 -> 
  custom:SearchIndexIgnoredProperties: e643bd26f0fe6173181afceb89e7c659 -> 
  custom:scripting/monoscript/fileName/ActiveDeactiveObject.cs: 0e781f0b78d4b55abfb336a8658e9d9a -> 
  custom:AudioImporter_EditorPlatform: d09bf68614088b80899f8185d706f6e7 -> 
  custom:scripting/monoscript/fileName/ItemControllerLoop.cs: a906ddeb7c2072953f1dcb08046961bc -> 
  custom:scripting/monoscript/fileName/Scroller.cs: 758c316556a139f9f0a8c657625ecaa2 -> 
  custom:video-encoder-webm-vp8: eb34c28f22e8b96e1ab97ce403110664 -> 
  custom:scripting/monoscript/fileName/RingCommand.cs: 7600c151c6a5e5a6a547af89be241aaa -> 
  custom:audio-decoder-ogg-vorbis: bf7c407c2cedff20999df2af8eb42d56 -> 
  custom:scripting/monoscript/fileName/Item.cs: edfd25bbe8f561e55c7415f9c3adacfe -> 
  custom:scripting/monoscript/fileName/IInfiniteScrollSetup.cs: 0b91d4c743f1a0896f554050f2abd75d -> 
  custom:audio-encoder-webm-vorbis: bf7c407c2cedff20999df2af8eb42d56 -> 
  custom:scripting/monoscript/fileName/ItemControllerInfinite.cs: 4c5366eba29133d45be318638d481a88 -> 
========================================================================
Received Import Request.
  Time since last request: 290.810274 seconds.
  path: Assets/Resources_moved/UI/UIScrollRectInfiniteListItem.prefab
  artifactKey: Guid(de4738423815c8e4e9d091a077788b77) Importer(815301076,1909f56bfc062723c751e8b465ee728b)
Start importing Assets/Resources_moved/UI/UIScrollRectInfiniteListItem.prefab using Guid(de4738423815c8e4e9d091a077788b77) Importer(815301076,1909f56bfc062723c751e8b465ee728b)  -> (artifact id: 'c57b9e237566cedda5764effac8d931c') in 0.021935 seconds
Number of updated asset objects reloaded before import = 0
Number of asset objects unloaded after import = 17
========================================================================
Received Import Request.
  Time since last request: 2.667499 seconds.
  path: Assets/Resources_moved/UI/UIInfinite.prefab
  artifactKey: Guid(1b0297606fb60d344afb131730c7ed2f) Importer(815301076,1909f56bfc062723c751e8b465ee728b)
Start importing Assets/Resources_moved/UI/UIInfinite.prefab using Guid(1b0297606fb60d344afb131730c7ed2f) Importer(815301076,1909f56bfc062723c751e8b465ee728b)  -> (artifact id: '6d1da3e5099e1f55fdce03a33f206e6b') in 0.002886 seconds
Number of updated asset objects reloaded before import = 0
Number of asset objects unloaded after import = 22
========================================================================
Received Import Request.
  Time since last request: 17.280796 seconds.
  path: Assets/AddressableAssetsData/AssetGroups/Default Local Group.asset
  artifactKey: Guid(1e1ac7c69489e6940be15ad8424fe164) Importer(815301076,1909f56bfc062723c751e8b465ee728b)
Start importing Assets/AddressableAssetsData/AssetGroups/Default Local Group.asset using Guid(1e1ac7c69489e6940be15ad8424fe164) Importer(815301076,1909f56bfc062723c751e8b465ee728b)  -> (artifact id: '6da7de372320355b2e43eef07b01f353') in 0.000554 seconds
Number of updated asset objects reloaded before import = 0
Number of asset objects unloaded after import = 0
========================================================================
Received Prepare
Begin MonoManager ReloadAssembly
- Loaded All Assemblies, in  0.289 seconds
Refreshing native plugins compatible for Editor in 1.82 ms, found 3 plugins.
Native extension for WindowsStandalone target not found
Native extension for iOS target not found
Native extension for Android target not found
[Package Manager] Server::EnsureServerProcessIsRunning -- launch failed, reason: Unity was launched with the -noUpm command-line argument
[Package Manager] UpmClient::Send -- Unable to send message (not connected to UPM process).
[Package Manager] Cannot connect to Unity Package Manager local server
Mono: successfully reloaded assembly
- Finished resetting the current domain, in  0.567 seconds
Domain Reload Profiling: 856ms
	BeginReloadAssembly (109ms)
		ExecutionOrderSort (0ms)
		DisableScriptedObjects (3ms)
		BackupInstance (0ms)
		ReleaseScriptingObjects (0ms)
		CreateAndSetChildDomain (28ms)
	RebuildCommonClasses (21ms)
	RebuildNativeTypeToScriptingClass (7ms)
	initialDomainReloadingComplete (18ms)
	LoadAllAssembliesAndSetupDomain (133ms)
		LoadAssemblies (176ms)
		RebuildTransferFunctionScriptingTraits (0ms)
		AnalyzeDomain (11ms)
			TypeCache.Refresh (6ms)
				TypeCache.ScanAssembly (0ms)
			ScanForSourceGeneratedMonoScriptInfo (0ms)
			ResolveRequiredComponents (4ms)
	FinalizeReload (568ms)
		ReleaseScriptCaches (0ms)
		RebuildScriptCaches (0ms)
		SetupLoadedEditorAssemblies (281ms)
			LogAssemblyErrors (0ms)
			InitializePlatformSupportModulesInManaged (23ms)
			SetLoadedEditorAssemblies (3ms)
			RefreshPlugins (0ms)
			BeforeProcessingInitializeOnLoad (43ms)
			ProcessInitializeOnLoadAttributes (179ms)
			ProcessInitializeOnLoadMethodAttributes (29ms)
			AfterProcessingInitializeOnLoad (3ms)
			EditorAssembliesLoaded (0ms)
		ExecutionOrderSort2 (0ms)
		AwakeInstancesAfterBackupRestoration (9ms)
Refreshing native plugins compatible for Editor in 1.47 ms, found 3 plugins.
Preloading 0 native plugins for Editor in 0.00 ms.
Unloading 3847 Unused Serialized files (Serialized files now loaded: 0)
Unloading 25 unused Assets / (32.6 KB). Loaded Objects now: 4351.
Memory consumption went from 147.0 MB to 147.0 MB.
Total: 2.225900 ms (FindLiveObjects: 0.205200 ms CreateObjectMapping: 0.087200 ms MarkObjects: 1.894100 ms  DeleteObjects: 0.038400 ms)

Prepare: number of updated asset objects reloaded= 0
AssetImportParameters requested are different than current active one (requested -> active):
  custom:scripting/monoscript/fileName/PlayAnimationClip.cs: 36e1592a5d177dc523b61de9e51a18fc -> 
  custom:container-demuxer-ogg: 62fdf1f143b41e24485cea50d1cbac27 -> 
  custom:video-decoder-ogg-theora: a1e56fd34408186e4bbccfd4996cb3dc -> 
  custom:framework-win-MediaFoundation: 216162199b28c13a410421893ffa2e32 -> 
  custom:scripting/monoscript/fileName/ScrollerEditor.cs: b3df2dcf1f65b7cf02fa2f870241096c -> 
  custom:scripting/monoscript/fileName/ContainClip.cs: eb1ccbfd925c44140f0ef623cb45fca1 -> 
  custom:scripting/monoscript/fileName/ResumeAnimator.cs: 47698f3fc95a4492af771ef1d094cd65 -> 
  custom:scripting/monoscript/fileName/ItemControllerLimited.cs: 891782801e2a84cf00234c5ec72321ee -> 
  custom:scripting/monoscript/fileName/UIInfinite.cs: 2de8123a93e23a691da1fa8a34f0264c -> 8d609a19623647efe25830a11b2767ba
  custom:scripting/monoscript/fileName/InfiniteScroll.cs: 771961bfdab7ffdb7fb9b64b7ff3aeea -> 
  custom:CustomObjectIndexerAttribute: 43b350a4d6e6d1791af0b5038c4bea17 -> 
  custom:container-demuxer-webm: 4f35f7cbe854078d1ac9338744f61a02 -> 
  custom:scripting/monoscript/fileName/ScrollContent.cs: 8bd94bae2a7176f9a6c8e8e1635410dd -> 
  custom:scripting/monoscript/fileName/AnimatorParameter.cs: 8e2ab5bc4003954b935a0e4b79043e58 -> 
  custom:container-muxer-webm: aa71ff27fc2769a1b78a27578f13a17b -> 
  custom:video-decoder-webm-vp8: 9c59270c3fd7afecdb556c50c9e8de78 -> 
  custom:SearchIndexIgnoredProperties: e643bd26f0fe6173181afceb89e7c659 -> 
  custom:scripting/monoscript/fileName/ActiveDeactiveObject.cs: 0e781f0b78d4b55abfb336a8658e9d9a -> 
  custom:AudioImporter_EditorPlatform: d09bf68614088b80899f8185d706f6e7 -> 
  custom:scripting/monoscript/fileName/ItemControllerLoop.cs: a906ddeb7c2072953f1dcb08046961bc -> 
  custom:scripting/monoscript/fileName/Scroller.cs: 758c316556a139f9f0a8c657625ecaa2 -> 
  custom:video-encoder-webm-vp8: eb34c28f22e8b96e1ab97ce403110664 -> 
  custom:scripting/monoscript/fileName/RingCommand.cs: 7600c151c6a5e5a6a547af89be241aaa -> 
  custom:audio-decoder-ogg-vorbis: bf7c407c2cedff20999df2af8eb42d56 -> 
  custom:scripting/monoscript/fileName/Item.cs: edfd25bbe8f561e55c7415f9c3adacfe -> 
  custom:scripting/monoscript/fileName/IInfiniteScrollSetup.cs: 0b91d4c743f1a0896f554050f2abd75d -> 
  custom:audio-encoder-webm-vorbis: bf7c407c2cedff20999df2af8eb42d56 -> 
  custom:scripting/monoscript/fileName/ItemControllerInfinite.cs: 4c5366eba29133d45be318638d481a88 -> 
========================================================================
Received Import Request.
  Time since last request: 79.320668 seconds.
  path: Assets/Resources_moved/UI/UIInfinite.prefab
  artifactKey: Guid(1b0297606fb60d344afb131730c7ed2f) Importer(815301076,1909f56bfc062723c751e8b465ee728b)
Start importing Assets/Resources_moved/UI/UIInfinite.prefab using Guid(1b0297606fb60d344afb131730c7ed2f) Importer(815301076,1909f56bfc062723c751e8b465ee728b)  -> (artifact id: '5c8e801e4217dee0d695e1c4362efbc0') in 0.020831 seconds
Number of updated asset objects reloaded before import = 0
Number of asset objects unloaded after import = 21
========================================================================
Received Prepare
Begin MonoManager ReloadAssembly
- Loaded All Assemblies, in  0.295 seconds
Refreshing native plugins compatible for Editor in 1.29 ms, found 3 plugins.
Native extension for WindowsStandalone target not found
Native extension for iOS target not found
Native extension for Android target not found
[Package Manager] Server::EnsureServerProcessIsRunning -- launch failed, reason: Unity was launched with the -noUpm command-line argument
[Package Manager] UpmClient::Send -- Unable to send message (not connected to UPM process).
[Package Manager] Cannot connect to Unity Package Manager local server
Mono: successfully reloaded assembly
- Finished resetting the current domain, in  0.560 seconds
Domain Reload Profiling: 854ms
	BeginReloadAssembly (108ms)
		ExecutionOrderSort (0ms)
		DisableScriptedObjects (3ms)
		BackupInstance (0ms)
		ReleaseScriptingObjects (0ms)
		CreateAndSetChildDomain (27ms)
	RebuildCommonClasses (21ms)
	RebuildNativeTypeToScriptingClass (7ms)
	initialDomainReloadingComplete (18ms)
	LoadAllAssembliesAndSetupDomain (141ms)
		LoadAssemblies (182ms)
		RebuildTransferFunctionScriptingTraits (0ms)
		AnalyzeDomain (13ms)
			TypeCache.Refresh (7ms)
				TypeCache.ScanAssembly (0ms)
			ScanForSourceGeneratedMonoScriptInfo (0ms)
			ResolveRequiredComponents (5ms)
	FinalizeReload (560ms)
		ReleaseScriptCaches (0ms)
		RebuildScriptCaches (0ms)
		SetupLoadedEditorAssemblies (292ms)
			LogAssemblyErrors (0ms)
			InitializePlatformSupportModulesInManaged (25ms)
			SetLoadedEditorAssemblies (3ms)
			RefreshPlugins (0ms)
			BeforeProcessingInitializeOnLoad (44ms)
			ProcessInitializeOnLoadAttributes (189ms)
			ProcessInitializeOnLoadMethodAttributes (28ms)
			AfterProcessingInitializeOnLoad (3ms)
			EditorAssembliesLoaded (0ms)
		ExecutionOrderSort2 (0ms)
		AwakeInstancesAfterBackupRestoration (7ms)
Refreshing native plugins compatible for Editor in 1.65 ms, found 3 plugins.
Preloading 0 native plugins for Editor in 0.00 ms.
Unloading 3847 Unused Serialized files (Serialized files now loaded: 0)
Unloading 25 unused Assets / (32.6 KB). Loaded Objects now: 4354.
Memory consumption went from 149.0 MB to 148.9 MB.
Total: 2.501500 ms (FindLiveObjects: 0.208000 ms CreateObjectMapping: 0.081500 ms MarkObjects: 2.167700 ms  DeleteObjects: 0.043200 ms)

Prepare: number of updated asset objects reloaded= 0
AssetImportParameters requested are different than current active one (requested -> active):
  custom:scripting/monoscript/fileName/PlayAnimationClip.cs: 36e1592a5d177dc523b61de9e51a18fc -> 
  custom:container-demuxer-ogg: 62fdf1f143b41e24485cea50d1cbac27 -> 
  custom:video-decoder-ogg-theora: a1e56fd34408186e4bbccfd4996cb3dc -> 
  custom:framework-win-MediaFoundation: 216162199b28c13a410421893ffa2e32 -> 
  custom:scripting/monoscript/fileName/ScrollerEditor.cs: b3df2dcf1f65b7cf02fa2f870241096c -> 
  custom:scripting/monoscript/fileName/ContainClip.cs: eb1ccbfd925c44140f0ef623cb45fca1 -> 
  custom:scripting/monoscript/fileName/ResumeAnimator.cs: 47698f3fc95a4492af771ef1d094cd65 -> 
  custom:scripting/monoscript/fileName/ItemControllerLimited.cs: 891782801e2a84cf00234c5ec72321ee -> 
  custom:scripting/monoscript/fileName/UIInfinite.cs: 2de8123a93e23a691da1fa8a34f0264c -> 8d609a19623647efe25830a11b2767ba
  custom:scripting/monoscript/fileName/InfiniteScroll.cs: 771961bfdab7ffdb7fb9b64b7ff3aeea -> 
  custom:CustomObjectIndexerAttribute: 43b350a4d6e6d1791af0b5038c4bea17 -> 
  custom:container-demuxer-webm: 4f35f7cbe854078d1ac9338744f61a02 -> 
  custom:scripting/monoscript/fileName/ScrollContent.cs: 8bd94bae2a7176f9a6c8e8e1635410dd -> 
  custom:scripting/monoscript/fileName/AnimatorParameter.cs: 8e2ab5bc4003954b935a0e4b79043e58 -> 
  custom:container-muxer-webm: aa71ff27fc2769a1b78a27578f13a17b -> 
  custom:video-decoder-webm-vp8: 9c59270c3fd7afecdb556c50c9e8de78 -> 
  custom:SearchIndexIgnoredProperties: e643bd26f0fe6173181afceb89e7c659 -> 
  custom:scripting/monoscript/fileName/ActiveDeactiveObject.cs: 0e781f0b78d4b55abfb336a8658e9d9a -> 
  custom:AudioImporter_EditorPlatform: d09bf68614088b80899f8185d706f6e7 -> 
  custom:scripting/monoscript/fileName/ItemControllerLoop.cs: a906ddeb7c2072953f1dcb08046961bc -> 
  custom:scripting/monoscript/fileName/Scroller.cs: 758c316556a139f9f0a8c657625ecaa2 -> 
  custom:video-encoder-webm-vp8: eb34c28f22e8b96e1ab97ce403110664 -> 
  custom:scripting/monoscript/fileName/RingCommand.cs: 7600c151c6a5e5a6a547af89be241aaa -> 
  custom:audio-decoder-ogg-vorbis: bf7c407c2cedff20999df2af8eb42d56 -> 
  custom:scripting/monoscript/fileName/Item.cs: edfd25bbe8f561e55c7415f9c3adacfe -> 
  custom:scripting/monoscript/fileName/IInfiniteScrollSetup.cs: 0b91d4c743f1a0896f554050f2abd75d -> 
  custom:audio-encoder-webm-vorbis: bf7c407c2cedff20999df2af8eb42d56 -> 
  custom:scripting/monoscript/fileName/ItemControllerInfinite.cs: 4c5366eba29133d45be318638d481a88 -> 
========================================================================
Received Prepare
Begin MonoManager ReloadAssembly
- Loaded All Assemblies, in  0.290 seconds
Refreshing native plugins compatible for Editor in 1.50 ms, found 3 plugins.
Native extension for WindowsStandalone target not found
Native extension for iOS target not found
Native extension for Android target not found
[Package Manager] Server::EnsureServerProcessIsRunning -- launch failed, reason: Unity was launched with the -noUpm command-line argument
[Package Manager] UpmClient::Send -- Unable to send message (not connected to UPM process).
[Package Manager] Cannot connect to Unity Package Manager local server
Mono: successfully reloaded assembly
- Finished resetting the current domain, in  0.547 seconds
Domain Reload Profiling: 836ms
	BeginReloadAssembly (114ms)
		ExecutionOrderSort (0ms)
		DisableScriptedObjects (3ms)
		BackupInstance (0ms)
		ReleaseScriptingObjects (0ms)
		CreateAndSetChildDomain (24ms)
	RebuildCommonClasses (21ms)
	RebuildNativeTypeToScriptingClass (7ms)
	initialDomainReloadingComplete (18ms)
	LoadAllAssembliesAndSetupDomain (130ms)
		LoadAssemblies (182ms)
		RebuildTransferFunctionScriptingTraits (0ms)
		AnalyzeDomain (10ms)
			TypeCache.Refresh (5ms)
				TypeCache.ScanAssembly (0ms)
			ScanForSourceGeneratedMonoScriptInfo (0ms)
			ResolveRequiredComponents (4ms)
	FinalizeReload (547ms)
		ReleaseScriptCaches (0ms)
		RebuildScriptCaches (0ms)
		SetupLoadedEditorAssemblies (290ms)
			LogAssemblyErrors (0ms)
			InitializePlatformSupportModulesInManaged (23ms)
			SetLoadedEditorAssemblies (2ms)
			RefreshPlugins (0ms)
			BeforeProcessingInitializeOnLoad (44ms)
			ProcessInitializeOnLoadAttributes (188ms)
			ProcessInitializeOnLoadMethodAttributes (28ms)
			AfterProcessingInitializeOnLoad (3ms)
			EditorAssembliesLoaded (0ms)
		ExecutionOrderSort2 (0ms)
		AwakeInstancesAfterBackupRestoration (8ms)
Refreshing native plugins compatible for Editor in 1.56 ms, found 3 plugins.
Preloading 0 native plugins for Editor in 0.00 ms.
Unloading 3848 Unused Serialized files (Serialized files now loaded: 0)
Unloading 23 unused Assets / (31.1 KB). Loaded Objects now: 4357.
Memory consumption went from 151.2 MB to 151.1 MB.
Total: 2.486200 ms (FindLiveObjects: 0.279300 ms CreateObjectMapping: 0.107100 ms MarkObjects: 2.067400 ms  DeleteObjects: 0.031500 ms)

Prepare: number of updated asset objects reloaded= 0
AssetImportParameters requested are different than current active one (requested -> active):
  custom:scripting/monoscript/fileName/PlayAnimationClip.cs: 36e1592a5d177dc523b61de9e51a18fc -> 
  custom:container-demuxer-ogg: 62fdf1f143b41e24485cea50d1cbac27 -> 
  custom:video-decoder-ogg-theora: a1e56fd34408186e4bbccfd4996cb3dc -> 
  custom:framework-win-MediaFoundation: 216162199b28c13a410421893ffa2e32 -> 
  custom:scripting/monoscript/fileName/ScrollerEditor.cs: b3df2dcf1f65b7cf02fa2f870241096c -> 
  custom:scripting/monoscript/fileName/ContainClip.cs: eb1ccbfd925c44140f0ef623cb45fca1 -> 
  custom:scripting/monoscript/fileName/ResumeAnimator.cs: 47698f3fc95a4492af771ef1d094cd65 -> 
  custom:scripting/monoscript/fileName/ItemControllerLimited.cs: 891782801e2a84cf00234c5ec72321ee -> 
  custom:scripting/monoscript/fileName/UIInfinite.cs: 2de8123a93e23a691da1fa8a34f0264c -> 8d609a19623647efe25830a11b2767ba
  custom:scripting/monoscript/fileName/InfiniteScroll.cs: 771961bfdab7ffdb7fb9b64b7ff3aeea -> 
  custom:CustomObjectIndexerAttribute: 43b350a4d6e6d1791af0b5038c4bea17 -> 
  custom:container-demuxer-webm: 4f35f7cbe854078d1ac9338744f61a02 -> 
  custom:scripting/monoscript/fileName/ScrollContent.cs: 8bd94bae2a7176f9a6c8e8e1635410dd -> 
  custom:scripting/monoscript/fileName/AnimatorParameter.cs: 8e2ab5bc4003954b935a0e4b79043e58 -> 
  custom:container-muxer-webm: aa71ff27fc2769a1b78a27578f13a17b -> 
  custom:video-decoder-webm-vp8: 9c59270c3fd7afecdb556c50c9e8de78 -> 
  custom:SearchIndexIgnoredProperties: e643bd26f0fe6173181afceb89e7c659 -> 
  custom:scripting/monoscript/fileName/ActiveDeactiveObject.cs: 0e781f0b78d4b55abfb336a8658e9d9a -> 
  custom:AudioImporter_EditorPlatform: d09bf68614088b80899f8185d706f6e7 -> 
  custom:scripting/monoscript/fileName/ItemControllerLoop.cs: a906ddeb7c2072953f1dcb08046961bc -> 
  custom:scripting/monoscript/fileName/Scroller.cs: 758c316556a139f9f0a8c657625ecaa2 -> 
  custom:video-encoder-webm-vp8: eb34c28f22e8b96e1ab97ce403110664 -> 
  custom:scripting/monoscript/fileName/RingCommand.cs: 7600c151c6a5e5a6a547af89be241aaa -> 
  custom:audio-decoder-ogg-vorbis: bf7c407c2cedff20999df2af8eb42d56 -> 
  custom:scripting/monoscript/fileName/Item.cs: edfd25bbe8f561e55c7415f9c3adacfe -> 
  custom:scripting/monoscript/fileName/IInfiniteScrollSetup.cs: 0b91d4c743f1a0896f554050f2abd75d -> 
  custom:audio-encoder-webm-vorbis: bf7c407c2cedff20999df2af8eb42d56 -> 
  custom:scripting/monoscript/fileName/ItemControllerInfinite.cs: 4c5366eba29133d45be318638d481a88 -> 
========================================================================
Received Prepare
Begin MonoManager ReloadAssembly
- Loaded All Assemblies, in  0.298 seconds
Refreshing native plugins compatible for Editor in 1.59 ms, found 3 plugins.
Native extension for WindowsStandalone target not found
Native extension for iOS target not found
Native extension for Android target not found
[Package Manager] Server::EnsureServerProcessIsRunning -- launch failed, reason: Unity was launched with the -noUpm command-line argument
[Package Manager] UpmClient::Send -- Unable to send message (not connected to UPM process).
[Package Manager] Cannot connect to Unity Package Manager local server
Mono: successfully reloaded assembly
- Finished resetting the current domain, in  0.511 seconds
Domain Reload Profiling: 808ms
	BeginReloadAssembly (107ms)
		ExecutionOrderSort (0ms)
		DisableScriptedObjects (4ms)
		BackupInstance (0ms)
		ReleaseScriptingObjects (0ms)
		CreateAndSetChildDomain (24ms)
	RebuildCommonClasses (21ms)
	RebuildNativeTypeToScriptingClass (7ms)
	initialDomainReloadingComplete (18ms)
	LoadAllAssembliesAndSetupDomain (145ms)
		LoadAssemblies (182ms)
		RebuildTransferFunctionScriptingTraits (0ms)
		AnalyzeDomain (16ms)
			TypeCache.Refresh (7ms)
				TypeCache.ScanAssembly (0ms)
			ScanForSourceGeneratedMonoScriptInfo (4ms)
			ResolveRequiredComponents (3ms)
	FinalizeReload (511ms)
		ReleaseScriptCaches (0ms)
		RebuildScriptCaches (0ms)
		SetupLoadedEditorAssemblies (253ms)
			LogAssemblyErrors (0ms)
			InitializePlatformSupportModulesInManaged (19ms)
			SetLoadedEditorAssemblies (3ms)
			RefreshPlugins (0ms)
			BeforeProcessingInitializeOnLoad (38ms)
			ProcessInitializeOnLoadAttributes (165ms)
			ProcessInitializeOnLoadMethodAttributes (25ms)
			AfterProcessingInitializeOnLoad (3ms)
			EditorAssembliesLoaded (0ms)
		ExecutionOrderSort2 (0ms)
		AwakeInstancesAfterBackupRestoration (6ms)
Refreshing native plugins compatible for Editor in 1.26 ms, found 3 plugins.
Preloading 0 native plugins for Editor in 0.00 ms.
Unloading 3848 Unused Serialized files (Serialized files now loaded: 0)
Unloading 23 unused Assets / (31.1 KB). Loaded Objects now: 4360.
Memory consumption went from 153.1 MB to 153.0 MB.
Total: 2.216100 ms (FindLiveObjects: 0.173100 ms CreateObjectMapping: 0.077800 ms MarkObjects: 1.932800 ms  DeleteObjects: 0.031900 ms)

Prepare: number of updated asset objects reloaded= 0
AssetImportParameters requested are different than current active one (requested -> active):
  custom:scripting/monoscript/fileName/PlayAnimationClip.cs: 36e1592a5d177dc523b61de9e51a18fc -> 
  custom:container-demuxer-ogg: 62fdf1f143b41e24485cea50d1cbac27 -> 
  custom:video-decoder-ogg-theora: a1e56fd34408186e4bbccfd4996cb3dc -> 
  custom:framework-win-MediaFoundation: 216162199b28c13a410421893ffa2e32 -> 
  custom:scripting/monoscript/fileName/ScrollerEditor.cs: b3df2dcf1f65b7cf02fa2f870241096c -> 
  custom:scripting/monoscript/fileName/ContainClip.cs: eb1ccbfd925c44140f0ef623cb45fca1 -> 
  custom:scripting/monoscript/fileName/ResumeAnimator.cs: 47698f3fc95a4492af771ef1d094cd65 -> 
  custom:scripting/monoscript/fileName/ItemControllerLimited.cs: 891782801e2a84cf00234c5ec72321ee -> 
  custom:scripting/monoscript/fileName/UIInfinite.cs: 2de8123a93e23a691da1fa8a34f0264c -> 8d609a19623647efe25830a11b2767ba
  custom:scripting/monoscript/fileName/InfiniteScroll.cs: 771961bfdab7ffdb7fb9b64b7ff3aeea -> 
  custom:CustomObjectIndexerAttribute: 43b350a4d6e6d1791af0b5038c4bea17 -> 
  custom:container-demuxer-webm: 4f35f7cbe854078d1ac9338744f61a02 -> 
  custom:scripting/monoscript/fileName/ScrollContent.cs: 8bd94bae2a7176f9a6c8e8e1635410dd -> 
  custom:scripting/monoscript/fileName/AnimatorParameter.cs: 8e2ab5bc4003954b935a0e4b79043e58 -> 
  custom:container-muxer-webm: aa71ff27fc2769a1b78a27578f13a17b -> 
  custom:video-decoder-webm-vp8: 9c59270c3fd7afecdb556c50c9e8de78 -> 
  custom:SearchIndexIgnoredProperties: e643bd26f0fe6173181afceb89e7c659 -> 
  custom:scripting/monoscript/fileName/ActiveDeactiveObject.cs: 0e781f0b78d4b55abfb336a8658e9d9a -> 
  custom:AudioImporter_EditorPlatform: d09bf68614088b80899f8185d706f6e7 -> 
  custom:scripting/monoscript/fileName/ItemControllerLoop.cs: a906ddeb7c2072953f1dcb08046961bc -> 
  custom:scripting/monoscript/fileName/Scroller.cs: 758c316556a139f9f0a8c657625ecaa2 -> 
  custom:video-encoder-webm-vp8: eb34c28f22e8b96e1ab97ce403110664 -> 
  custom:scripting/monoscript/fileName/RingCommand.cs: 7600c151c6a5e5a6a547af89be241aaa -> 
  custom:audio-decoder-ogg-vorbis: bf7c407c2cedff20999df2af8eb42d56 -> 
  custom:scripting/monoscript/fileName/Item.cs: edfd25bbe8f561e55c7415f9c3adacfe -> 
  custom:scripting/monoscript/fileName/IInfiniteScrollSetup.cs: 0b91d4c743f1a0896f554050f2abd75d -> 
  custom:audio-encoder-webm-vorbis: bf7c407c2cedff20999df2af8eb42d56 -> 
  custom:scripting/monoscript/fileName/ItemControllerInfinite.cs: 4c5366eba29133d45be318638d481a88 -> 
========================================================================
Received Prepare
Begin MonoManager ReloadAssembly
- Loaded All Assemblies, in  0.297 seconds
Refreshing native plugins compatible for Editor in 1.27 ms, found 3 plugins.
Native extension for WindowsStandalone target not found
Native extension for iOS target not found
Native extension for Android target not found
[Package Manager] Server::EnsureServerProcessIsRunning -- launch failed, reason: Unity was launched with the -noUpm command-line argument
[Package Manager] UpmClient::Send -- Unable to send message (not connected to UPM process).
[Package Manager] Cannot connect to Unity Package Manager local server
Mono: successfully reloaded assembly
- Finished resetting the current domain, in  0.520 seconds
Domain Reload Profiling: 817ms
	BeginReloadAssembly (106ms)
		ExecutionOrderSort (0ms)
		DisableScriptedObjects (3ms)
		BackupInstance (0ms)
		ReleaseScriptingObjects (0ms)
		CreateAndSetChildDomain (25ms)
	RebuildCommonClasses (21ms)
	RebuildNativeTypeToScriptingClass (7ms)
	initialDomainReloadingComplete (19ms)
	LoadAllAssembliesAndSetupDomain (144ms)
		LoadAssemblies (180ms)
		RebuildTransferFunctionScriptingTraits (0ms)
		AnalyzeDomain (16ms)
			TypeCache.Refresh (8ms)
				TypeCache.ScanAssembly (0ms)
			ScanForSourceGeneratedMonoScriptInfo (4ms)
			ResolveRequiredComponents (4ms)
	FinalizeReload (521ms)
		ReleaseScriptCaches (0ms)
		RebuildScriptCaches (0ms)
		SetupLoadedEditorAssemblies (263ms)
			LogAssemblyErrors (0ms)
			InitializePlatformSupportModulesInManaged (23ms)
			SetLoadedEditorAssemblies (3ms)
			RefreshPlugins (0ms)
			BeforeProcessingInitializeOnLoad (39ms)
			ProcessInitializeOnLoadAttributes (170ms)
			ProcessInitializeOnLoadMethodAttributes (24ms)
			AfterProcessingInitializeOnLoad (3ms)
			EditorAssembliesLoaded (0ms)
		ExecutionOrderSort2 (0ms)
		AwakeInstancesAfterBackupRestoration (7ms)
Refreshing native plugins compatible for Editor in 1.26 ms, found 3 plugins.
Preloading 0 native plugins for Editor in 0.00 ms.
Unloading 3848 Unused Serialized files (Serialized files now loaded: 0)
Unloading 23 unused Assets / (31.0 KB). Loaded Objects now: 4363.
Memory consumption went from 155.0 MB to 155.0 MB.
Total: 2.057100 ms (FindLiveObjects: 0.165100 ms CreateObjectMapping: 0.075500 ms MarkObjects: 1.786100 ms  DeleteObjects: 0.029800 ms)

Prepare: number of updated asset objects reloaded= 0
AssetImportParameters requested are different than current active one (requested -> active):
  custom:scripting/monoscript/fileName/PlayAnimationClip.cs: 36e1592a5d177dc523b61de9e51a18fc -> 
  custom:container-demuxer-ogg: 62fdf1f143b41e24485cea50d1cbac27 -> 
  custom:video-decoder-ogg-theora: a1e56fd34408186e4bbccfd4996cb3dc -> 
  custom:framework-win-MediaFoundation: 216162199b28c13a410421893ffa2e32 -> 
  custom:scripting/monoscript/fileName/ScrollerEditor.cs: b3df2dcf1f65b7cf02fa2f870241096c -> 
  custom:scripting/monoscript/fileName/ContainClip.cs: eb1ccbfd925c44140f0ef623cb45fca1 -> 
  custom:scripting/monoscript/fileName/ResumeAnimator.cs: 47698f3fc95a4492af771ef1d094cd65 -> 
  custom:scripting/monoscript/fileName/ItemControllerLimited.cs: 891782801e2a84cf00234c5ec72321ee -> 
  custom:scripting/monoscript/fileName/UIInfinite.cs: 2de8123a93e23a691da1fa8a34f0264c -> 8d609a19623647efe25830a11b2767ba
  custom:scripting/monoscript/fileName/InfiniteScroll.cs: 771961bfdab7ffdb7fb9b64b7ff3aeea -> 
  custom:CustomObjectIndexerAttribute: 43b350a4d6e6d1791af0b5038c4bea17 -> 
  custom:container-demuxer-webm: 4f35f7cbe854078d1ac9338744f61a02 -> 
  custom:scripting/monoscript/fileName/ScrollContent.cs: 8bd94bae2a7176f9a6c8e8e1635410dd -> 
  custom:scripting/monoscript/fileName/AnimatorParameter.cs: 8e2ab5bc4003954b935a0e4b79043e58 -> 
  custom:container-muxer-webm: aa71ff27fc2769a1b78a27578f13a17b -> 
  custom:video-decoder-webm-vp8: 9c59270c3fd7afecdb556c50c9e8de78 -> 
  custom:SearchIndexIgnoredProperties: e643bd26f0fe6173181afceb89e7c659 -> 
  custom:scripting/monoscript/fileName/ActiveDeactiveObject.cs: 0e781f0b78d4b55abfb336a8658e9d9a -> 
  custom:AudioImporter_EditorPlatform: d09bf68614088b80899f8185d706f6e7 -> 
  custom:scripting/monoscript/fileName/ItemControllerLoop.cs: a906ddeb7c2072953f1dcb08046961bc -> 
  custom:scripting/monoscript/fileName/Scroller.cs: 758c316556a139f9f0a8c657625ecaa2 -> 
  custom:video-encoder-webm-vp8: eb34c28f22e8b96e1ab97ce403110664 -> 
  custom:scripting/monoscript/fileName/RingCommand.cs: 7600c151c6a5e5a6a547af89be241aaa -> 
  custom:audio-decoder-ogg-vorbis: bf7c407c2cedff20999df2af8eb42d56 -> 
  custom:scripting/monoscript/fileName/Item.cs: edfd25bbe8f561e55c7415f9c3adacfe -> 
  custom:scripting/monoscript/fileName/IInfiniteScrollSetup.cs: 0b91d4c743f1a0896f554050f2abd75d -> 
  custom:audio-encoder-webm-vorbis: bf7c407c2cedff20999df2af8eb42d56 -> 
  custom:scripting/monoscript/fileName/ItemControllerInfinite.cs: 4c5366eba29133d45be318638d481a88 -> 
========================================================================
Received Prepare
Begin MonoManager ReloadAssembly
- Loaded All Assemblies, in  0.304 seconds
Refreshing native plugins compatible for Editor in 1.46 ms, found 3 plugins.
Native extension for WindowsStandalone target not found
Native extension for iOS target not found
Native extension for Android target not found
[Package Manager] Server::EnsureServerProcessIsRunning -- launch failed, reason: Unity was launched with the -noUpm command-line argument
[Package Manager] UpmClient::Send -- Unable to send message (not connected to UPM process).
[Package Manager] Cannot connect to Unity Package Manager local server
Mono: successfully reloaded assembly
- Finished resetting the current domain, in  0.540 seconds
Domain Reload Profiling: 843ms
	BeginReloadAssembly (120ms)
		ExecutionOrderSort (0ms)
		DisableScriptedObjects (3ms)
		BackupInstance (0ms)
		ReleaseScriptingObjects (0ms)
		CreateAndSetChildDomain (26ms)
	RebuildCommonClasses (27ms)
	RebuildNativeTypeToScriptingClass (7ms)
	initialDomainReloadingComplete (17ms)
	LoadAllAssembliesAndSetupDomain (132ms)
		LoadAssemblies (178ms)
		RebuildTransferFunctionScriptingTraits (0ms)
		AnalyzeDomain (15ms)
			TypeCache.Refresh (6ms)
				TypeCache.ScanAssembly (0ms)
			ScanForSourceGeneratedMonoScriptInfo (4ms)
			ResolveRequiredComponents (4ms)
	FinalizeReload (541ms)
		ReleaseScriptCaches (0ms)
		RebuildScriptCaches (0ms)
		SetupLoadedEditorAssemblies (267ms)
			LogAssemblyErrors (0ms)
			InitializePlatformSupportModulesInManaged (21ms)
			SetLoadedEditorAssemblies (3ms)
			RefreshPlugins (0ms)
			BeforeProcessingInitializeOnLoad (40ms)
			ProcessInitializeOnLoadAttributes (173ms)
			ProcessInitializeOnLoadMethodAttributes (27ms)
			AfterProcessingInitializeOnLoad (3ms)
			EditorAssembliesLoaded (0ms)
		ExecutionOrderSort2 (0ms)
		AwakeInstancesAfterBackupRestoration (6ms)
Refreshing native plugins compatible for Editor in 1.41 ms, found 3 plugins.
Preloading 0 native plugins for Editor in 0.00 ms.
Unloading 3848 Unused Serialized files (Serialized files now loaded: 0)
Unloading 23 unused Assets / (31.1 KB). Loaded Objects now: 4366.
Memory consumption went from 156.9 MB to 156.9 MB.
Total: 2.831900 ms (FindLiveObjects: 0.197000 ms CreateObjectMapping: 0.100800 ms MarkObjects: 2.467600 ms  DeleteObjects: 0.065800 ms)

Prepare: number of updated asset objects reloaded= 0
AssetImportParameters requested are different than current active one (requested -> active):
  custom:scripting/monoscript/fileName/PlayAnimationClip.cs: 36e1592a5d177dc523b61de9e51a18fc -> 
  custom:container-demuxer-ogg: 62fdf1f143b41e24485cea50d1cbac27 -> 
  custom:video-decoder-ogg-theora: a1e56fd34408186e4bbccfd4996cb3dc -> 
  custom:framework-win-MediaFoundation: 216162199b28c13a410421893ffa2e32 -> 
  custom:scripting/monoscript/fileName/ScrollerEditor.cs: b3df2dcf1f65b7cf02fa2f870241096c -> 
  custom:scripting/monoscript/fileName/ContainClip.cs: eb1ccbfd925c44140f0ef623cb45fca1 -> 
  custom:scripting/monoscript/fileName/ResumeAnimator.cs: 47698f3fc95a4492af771ef1d094cd65 -> 
  custom:scripting/monoscript/fileName/ItemControllerLimited.cs: 891782801e2a84cf00234c5ec72321ee -> 
  custom:scripting/monoscript/fileName/UIInfinite.cs: 2de8123a93e23a691da1fa8a34f0264c -> 8d609a19623647efe25830a11b2767ba
  custom:scripting/monoscript/fileName/InfiniteScroll.cs: 771961bfdab7ffdb7fb9b64b7ff3aeea -> 
  custom:CustomObjectIndexerAttribute: 43b350a4d6e6d1791af0b5038c4bea17 -> 
  custom:container-demuxer-webm: 4f35f7cbe854078d1ac9338744f61a02 -> 
  custom:scripting/monoscript/fileName/ScrollContent.cs: 8bd94bae2a7176f9a6c8e8e1635410dd -> 
  custom:scripting/monoscript/fileName/AnimatorParameter.cs: 8e2ab5bc4003954b935a0e4b79043e58 -> 
  custom:container-muxer-webm: aa71ff27fc2769a1b78a27578f13a17b -> 
  custom:video-decoder-webm-vp8: 9c59270c3fd7afecdb556c50c9e8de78 -> 
  custom:SearchIndexIgnoredProperties: e643bd26f0fe6173181afceb89e7c659 -> 
  custom:scripting/monoscript/fileName/ActiveDeactiveObject.cs: 0e781f0b78d4b55abfb336a8658e9d9a -> 
  custom:AudioImporter_EditorPlatform: d09bf68614088b80899f8185d706f6e7 -> 
  custom:scripting/monoscript/fileName/ItemControllerLoop.cs: a906ddeb7c2072953f1dcb08046961bc -> 
  custom:scripting/monoscript/fileName/Scroller.cs: 758c316556a139f9f0a8c657625ecaa2 -> 
  custom:video-encoder-webm-vp8: eb34c28f22e8b96e1ab97ce403110664 -> 
  custom:scripting/monoscript/fileName/RingCommand.cs: 7600c151c6a5e5a6a547af89be241aaa -> 
  custom:audio-decoder-ogg-vorbis: bf7c407c2cedff20999df2af8eb42d56 -> 
  custom:scripting/monoscript/fileName/Item.cs: edfd25bbe8f561e55c7415f9c3adacfe -> 
  custom:scripting/monoscript/fileName/IInfiniteScrollSetup.cs: 0b91d4c743f1a0896f554050f2abd75d -> 
  custom:audio-encoder-webm-vorbis: bf7c407c2cedff20999df2af8eb42d56 -> 
  custom:scripting/monoscript/fileName/ItemControllerInfinite.cs: 4c5366eba29133d45be318638d481a88 -> 
========================================================================
Received Import Request.
  Time since last request: 181.657768 seconds.
  path: Assets/Scenes/SampleScene.unity
  artifactKey: Guid(9fc0d4010bbf28b4594072e72b8655ab) Importer(815301076,1909f56bfc062723c751e8b465ee728b)
Start importing Assets/Scenes/SampleScene.unity using Guid(9fc0d4010bbf28b4594072e72b8655ab) Importer(815301076,1909f56bfc062723c751e8b465ee728b)  -> (artifact id: '90efc80be58aef78311bc2f3c60babba') in 0.002886 seconds
Number of updated asset objects reloaded before import = 0
Number of asset objects unloaded after import = 0
========================================================================
Received Import Request.
  Time since last request: 3.424375 seconds.
  path: Assets/AddressableAssetsData/DataBuilders
  artifactKey: Guid(d5cd81126c9d38d428444f03556bed75) Importer(815301076,1909f56bfc062723c751e8b465ee728b)
Start importing Assets/AddressableAssetsData/DataBuilders using Guid(d5cd81126c9d38d428444f03556bed75) Importer(815301076,1909f56bfc062723c751e8b465ee728b)  -> (artifact id: '219f05d3e47dc52ab02c862408382a5f') in 0.000387 seconds
Number of updated asset objects reloaded before import = 0
Number of asset objects unloaded after import = 0
========================================================================
Received Import Request.
  Time since last request: 0.928533 seconds.
  path: Assets/AddressableAssetsData
  artifactKey: Guid(a2d89e66327bbb8499ab749ddf57cbc4) Importer(815301076,1909f56bfc062723c751e8b465ee728b)
Start importing Assets/AddressableAssetsData using Guid(a2d89e66327bbb8499ab749ddf57cbc4) Importer(815301076,1909f56bfc062723c751e8b465ee728b)  -> (artifact id: '6232cef4f960c3b08f159eda50ffbdf6') in 0.000472 seconds
Number of updated asset objects reloaded before import = 0
Number of asset objects unloaded after import = 0
========================================================================
Received Import Request.
  Time since last request: 19.547338 seconds.
  path: Assets/Resources_moved/UI/UIInfinite.prefab
  artifactKey: Guid(1b0297606fb60d344afb131730c7ed2f) Importer(815301076,1909f56bfc062723c751e8b465ee728b)
Start importing Assets/Resources_moved/UI/UIInfinite.prefab using Guid(1b0297606fb60d344afb131730c7ed2f) Importer(815301076,1909f56bfc062723c751e8b465ee728b)  -> (artifact id: 'd0192b68369d02a4d9723edeac602ae1') in 0.017399 seconds
Number of updated asset objects reloaded before import = 0
Number of asset objects unloaded after import = 21
========================================================================
Received Prepare
Begin MonoManager ReloadAssembly
- Loaded All Assemblies, in  0.288 seconds
Refreshing native plugins compatible for Editor in 1.35 ms, found 3 plugins.
Native extension for WindowsStandalone target not found
Native extension for iOS target not found
Native extension for Android target not found
[Package Manager] Server::EnsureServerProcessIsRunning -- launch failed, reason: Unity was launched with the -noUpm command-line argument
[Package Manager] UpmClient::Send -- Unable to send message (not connected to UPM process).
[Package Manager] Cannot connect to Unity Package Manager local server
Mono: successfully reloaded assembly
- Finished resetting the current domain, in  0.572 seconds
Domain Reload Profiling: 859ms
	BeginReloadAssembly (109ms)
		ExecutionOrderSort (0ms)
		DisableScriptedObjects (4ms)
		BackupInstance (0ms)
		ReleaseScriptingObjects (0ms)
		CreateAndSetChildDomain (28ms)
	RebuildCommonClasses (20ms)
	RebuildNativeTypeToScriptingClass (7ms)
	initialDomainReloadingComplete (18ms)
	LoadAllAssembliesAndSetupDomain (133ms)
		LoadAssemblies (175ms)
		RebuildTransferFunctionScriptingTraits (0ms)
		AnalyzeDomain (10ms)
			TypeCache.Refresh (6ms)
				TypeCache.ScanAssembly (0ms)
			ScanForSourceGeneratedMonoScriptInfo (0ms)
			ResolveRequiredComponents (4ms)
	FinalizeReload (573ms)
		ReleaseScriptCaches (0ms)
		RebuildScriptCaches (0ms)
		SetupLoadedEditorAssemblies (297ms)
			LogAssemblyErrors (0ms)
			InitializePlatformSupportModulesInManaged (24ms)
			SetLoadedEditorAssemblies (2ms)
			RefreshPlugins (0ms)
			BeforeProcessingInitializeOnLoad (40ms)
			ProcessInitializeOnLoadAttributes (197ms)
			ProcessInitializeOnLoadMethodAttributes (31ms)
			AfterProcessingInitializeOnLoad (3ms)
			EditorAssembliesLoaded (0ms)
		ExecutionOrderSort2 (0ms)
		AwakeInstancesAfterBackupRestoration (8ms)
Refreshing native plugins compatible for Editor in 1.61 ms, found 3 plugins.
Preloading 0 native plugins for Editor in 0.00 ms.
Unloading 3847 Unused Serialized files (Serialized files now loaded: 0)
Unloading 25 unused Assets / (32.5 KB). Loaded Objects now: 4369.
Memory consumption went from 158.6 MB to 158.5 MB.
Total: 2.170200 ms (FindLiveObjects: 0.192200 ms CreateObjectMapping: 0.083300 ms MarkObjects: 1.857400 ms  DeleteObjects: 0.036600 ms)

Prepare: number of updated asset objects reloaded= 0
AssetImportParameters requested are different than current active one (requested -> active):
  custom:scripting/monoscript/fileName/PlayAnimationClip.cs: 36e1592a5d177dc523b61de9e51a18fc -> 
  custom:container-demuxer-ogg: 62fdf1f143b41e24485cea50d1cbac27 -> 
  custom:video-decoder-ogg-theora: a1e56fd34408186e4bbccfd4996cb3dc -> 
  custom:framework-win-MediaFoundation: 216162199b28c13a410421893ffa2e32 -> 
  custom:scripting/monoscript/fileName/ScrollerEditor.cs: b3df2dcf1f65b7cf02fa2f870241096c -> 
  custom:scripting/monoscript/fileName/ContainClip.cs: eb1ccbfd925c44140f0ef623cb45fca1 -> 
  custom:scripting/monoscript/fileName/ResumeAnimator.cs: 47698f3fc95a4492af771ef1d094cd65 -> 
  custom:scripting/monoscript/fileName/ItemControllerLimited.cs: 891782801e2a84cf00234c5ec72321ee -> 
  custom:scripting/monoscript/fileName/UIInfinite.cs: 2de8123a93e23a691da1fa8a34f0264c -> 8d609a19623647efe25830a11b2767ba
  custom:scripting/monoscript/fileName/InfiniteScroll.cs: 771961bfdab7ffdb7fb9b64b7ff3aeea -> 
  custom:CustomObjectIndexerAttribute: 43b350a4d6e6d1791af0b5038c4bea17 -> 
  custom:container-demuxer-webm: 4f35f7cbe854078d1ac9338744f61a02 -> 
  custom:scripting/monoscript/fileName/ScrollContent.cs: 8bd94bae2a7176f9a6c8e8e1635410dd -> 
  custom:scripting/monoscript/fileName/AnimatorParameter.cs: 8e2ab5bc4003954b935a0e4b79043e58 -> 
  custom:container-muxer-webm: aa71ff27fc2769a1b78a27578f13a17b -> 
  custom:video-decoder-webm-vp8: 9c59270c3fd7afecdb556c50c9e8de78 -> 
  custom:SearchIndexIgnoredProperties: e643bd26f0fe6173181afceb89e7c659 -> 
  custom:scripting/monoscript/fileName/ActiveDeactiveObject.cs: 0e781f0b78d4b55abfb336a8658e9d9a -> 
  custom:AudioImporter_EditorPlatform: d09bf68614088b80899f8185d706f6e7 -> 
  custom:scripting/monoscript/fileName/ItemControllerLoop.cs: a906ddeb7c2072953f1dcb08046961bc -> 
  custom:scripting/monoscript/fileName/Scroller.cs: 758c316556a139f9f0a8c657625ecaa2 -> 
  custom:video-encoder-webm-vp8: eb34c28f22e8b96e1ab97ce403110664 -> 
  custom:scripting/monoscript/fileName/RingCommand.cs: 7600c151c6a5e5a6a547af89be241aaa -> 
  custom:audio-decoder-ogg-vorbis: bf7c407c2cedff20999df2af8eb42d56 -> 
  custom:scripting/monoscript/fileName/Item.cs: edfd25bbe8f561e55c7415f9c3adacfe -> 
  custom:scripting/monoscript/fileName/IInfiniteScrollSetup.cs: 0b91d4c743f1a0896f554050f2abd75d -> 
  custom:audio-encoder-webm-vorbis: bf7c407c2cedff20999df2af8eb42d56 -> 
  custom:scripting/monoscript/fileName/ItemControllerInfinite.cs: 4c5366eba29133d45be318638d481a88 -> 
========================================================================
Received Import Request.
  Time since last request: 27.741847 seconds.
  path: Assets/Resources_moved/UI/UIInfinite.prefab
  artifactKey: Guid(1b0297606fb60d344afb131730c7ed2f) Importer(815301076,1909f56bfc062723c751e8b465ee728b)
Start importing Assets/Resources_moved/UI/UIInfinite.prefab using Guid(1b0297606fb60d344afb131730c7ed2f) Importer(815301076,1909f56bfc062723c751e8b465ee728b)  -> (artifact id: '7f7d3be82131c1abccf5dd0fa0b1125f') in 0.019081 seconds
Number of updated asset objects reloaded before import = 0
Number of asset objects unloaded after import = 21
========================================================================
Received Prepare
Begin MonoManager ReloadAssembly
- Loaded All Assemblies, in  0.305 seconds
Refreshing native plugins compatible for Editor in 1.38 ms, found 3 plugins.
Native extension for WindowsStandalone target not found
Native extension for iOS target not found
Native extension for Android target not found
[Package Manager] Server::EnsureServerProcessIsRunning -- launch failed, reason: Unity was launched with the -noUpm command-line argument
[Package Manager] UpmClient::Send -- Unable to send message (not connected to UPM process).
[Package Manager] Cannot connect to Unity Package Manager local server
Mono: successfully reloaded assembly
- Finished resetting the current domain, in  0.550 seconds
Domain Reload Profiling: 852ms
	BeginReloadAssembly (110ms)
		ExecutionOrderSort (0ms)
		DisableScriptedObjects (3ms)
		BackupInstance (0ms)
		ReleaseScriptingObjects (0ms)
		CreateAndSetChildDomain (28ms)
	RebuildCommonClasses (21ms)
	RebuildNativeTypeToScriptingClass (7ms)
	initialDomainReloadingComplete (19ms)
	LoadAllAssembliesAndSetupDomain (144ms)
		LoadAssemblies (183ms)
		RebuildTransferFunctionScriptingTraits (0ms)
		AnalyzeDomain (16ms)
			TypeCache.Refresh (7ms)
				TypeCache.ScanAssembly (0ms)
			ScanForSourceGeneratedMonoScriptInfo (4ms)
			ResolveRequiredComponents (4ms)
	FinalizeReload (550ms)
		ReleaseScriptCaches (0ms)
		RebuildScriptCaches (0ms)
		SetupLoadedEditorAssemblies (264ms)
			LogAssemblyErrors (0ms)
			InitializePlatformSupportModulesInManaged (20ms)
			SetLoadedEditorAssemblies (2ms)
			RefreshPlugins (0ms)
			BeforeProcessingInitializeOnLoad (39ms)
			ProcessInitializeOnLoadAttributes (173ms)
			ProcessInitializeOnLoadMethodAttributes (27ms)
			AfterProcessingInitializeOnLoad (3ms)
			EditorAssembliesLoaded (0ms)
		ExecutionOrderSort2 (0ms)
		AwakeInstancesAfterBackupRestoration (7ms)
Refreshing native plugins compatible for Editor in 1.35 ms, found 3 plugins.
Preloading 0 native plugins for Editor in 0.00 ms.
Unloading 3847 Unused Serialized files (Serialized files now loaded: 0)
Unloading 25 unused Assets / (32.6 KB). Loaded Objects now: 4372.
Memory consumption went from 160.5 MB to 160.5 MB.
Total: 2.054900 ms (FindLiveObjects: 0.180100 ms CreateObjectMapping: 0.083200 ms MarkObjects: 1.753800 ms  DeleteObjects: 0.037100 ms)

Prepare: number of updated asset objects reloaded= 0
AssetImportParameters requested are different than current active one (requested -> active):
  custom:scripting/monoscript/fileName/PlayAnimationClip.cs: 36e1592a5d177dc523b61de9e51a18fc -> 
  custom:container-demuxer-ogg: 62fdf1f143b41e24485cea50d1cbac27 -> 
  custom:video-decoder-ogg-theora: a1e56fd34408186e4bbccfd4996cb3dc -> 
  custom:framework-win-MediaFoundation: 216162199b28c13a410421893ffa2e32 -> 
  custom:scripting/monoscript/fileName/ScrollerEditor.cs: b3df2dcf1f65b7cf02fa2f870241096c -> 
  custom:scripting/monoscript/fileName/ContainClip.cs: eb1ccbfd925c44140f0ef623cb45fca1 -> 
  custom:scripting/monoscript/fileName/ResumeAnimator.cs: 47698f3fc95a4492af771ef1d094cd65 -> 
  custom:scripting/monoscript/fileName/ItemControllerLimited.cs: 891782801e2a84cf00234c5ec72321ee -> 
  custom:scripting/monoscript/fileName/UIInfinite.cs: 2de8123a93e23a691da1fa8a34f0264c -> 8d609a19623647efe25830a11b2767ba
  custom:scripting/monoscript/fileName/InfiniteScroll.cs: 771961bfdab7ffdb7fb9b64b7ff3aeea -> 
  custom:CustomObjectIndexerAttribute: 43b350a4d6e6d1791af0b5038c4bea17 -> 
  custom:container-demuxer-webm: 4f35f7cbe854078d1ac9338744f61a02 -> 
  custom:scripting/monoscript/fileName/ScrollContent.cs: 8bd94bae2a7176f9a6c8e8e1635410dd -> 
  custom:scripting/monoscript/fileName/AnimatorParameter.cs: 8e2ab5bc4003954b935a0e4b79043e58 -> 
  custom:container-muxer-webm: aa71ff27fc2769a1b78a27578f13a17b -> 
  custom:video-decoder-webm-vp8: 9c59270c3fd7afecdb556c50c9e8de78 -> 
  custom:SearchIndexIgnoredProperties: e643bd26f0fe6173181afceb89e7c659 -> 
  custom:scripting/monoscript/fileName/ActiveDeactiveObject.cs: 0e781f0b78d4b55abfb336a8658e9d9a -> 
  custom:AudioImporter_EditorPlatform: d09bf68614088b80899f8185d706f6e7 -> 
  custom:scripting/monoscript/fileName/ItemControllerLoop.cs: a906ddeb7c2072953f1dcb08046961bc -> 
  custom:scripting/monoscript/fileName/Scroller.cs: 758c316556a139f9f0a8c657625ecaa2 -> 
  custom:video-encoder-webm-vp8: eb34c28f22e8b96e1ab97ce403110664 -> 
  custom:scripting/monoscript/fileName/RingCommand.cs: 7600c151c6a5e5a6a547af89be241aaa -> 
  custom:audio-decoder-ogg-vorbis: bf7c407c2cedff20999df2af8eb42d56 -> 
  custom:scripting/monoscript/fileName/Item.cs: edfd25bbe8f561e55c7415f9c3adacfe -> 
  custom:scripting/monoscript/fileName/IInfiniteScrollSetup.cs: 0b91d4c743f1a0896f554050f2abd75d -> 
  custom:audio-encoder-webm-vorbis: bf7c407c2cedff20999df2af8eb42d56 -> 
  custom:scripting/monoscript/fileName/ItemControllerInfinite.cs: 4c5366eba29133d45be318638d481a88 -> 
========================================================================
Received Prepare
Begin MonoManager ReloadAssembly
- Loaded All Assemblies, in  0.289 seconds
Refreshing native plugins compatible for Editor in 1.34 ms, found 3 plugins.
Native extension for WindowsStandalone target not found
Native extension for iOS target not found
Native extension for Android target not found
[Package Manager] Server::EnsureServerProcessIsRunning -- launch failed, reason: Unity was launched with the -noUpm command-line argument
[Package Manager] UpmClient::Send -- Unable to send message (not connected to UPM process).
[Package Manager] Cannot connect to Unity Package Manager local server
Mono: successfully reloaded assembly
- Finished resetting the current domain, in  0.581 seconds
Domain Reload Profiling: 868ms
	BeginReloadAssembly (107ms)
		ExecutionOrderSort (0ms)
		DisableScriptedObjects (3ms)
		BackupInstance (0ms)
		ReleaseScriptingObjects (0ms)
		CreateAndSetChildDomain (25ms)
	RebuildCommonClasses (20ms)
	RebuildNativeTypeToScriptingClass (7ms)
	initialDomainReloadingComplete (18ms)
	LoadAllAssembliesAndSetupDomain (134ms)
		LoadAssemblies (179ms)
		RebuildTransferFunctionScriptingTraits (0ms)
		AnalyzeDomain (10ms)
			TypeCache.Refresh (5ms)
				TypeCache.ScanAssembly (0ms)
			ScanForSourceGeneratedMonoScriptInfo (0ms)
			ResolveRequiredComponents (4ms)
	FinalizeReload (581ms)
		ReleaseScriptCaches (0ms)
		RebuildScriptCaches (0ms)
		SetupLoadedEditorAssemblies (308ms)
			LogAssemblyErrors (0ms)
			InitializePlatformSupportModulesInManaged (23ms)
			SetLoadedEditorAssemblies (3ms)
			RefreshPlugins (0ms)
			BeforeProcessingInitializeOnLoad (46ms)
			ProcessInitializeOnLoadAttributes (199ms)
			ProcessInitializeOnLoadMethodAttributes (32ms)
			AfterProcessingInitializeOnLoad (4ms)
			EditorAssembliesLoaded (0ms)
		ExecutionOrderSort2 (0ms)
		AwakeInstancesAfterBackupRestoration (9ms)
Refreshing native plugins compatible for Editor in 1.49 ms, found 3 plugins.
Preloading 0 native plugins for Editor in 0.00 ms.
Unloading 3848 Unused Serialized files (Serialized files now loaded: 0)
Unloading 23 unused Assets / (31.0 KB). Loaded Objects now: 4375.
Memory consumption went from 162.7 MB to 162.6 MB.
Total: 2.196700 ms (FindLiveObjects: 0.225500 ms CreateObjectMapping: 0.100900 ms MarkObjects: 1.807200 ms  DeleteObjects: 0.062500 ms)

Prepare: number of updated asset objects reloaded= 0
AssetImportParameters requested are different than current active one (requested -> active):
  custom:scripting/monoscript/fileName/PlayAnimationClip.cs: 36e1592a5d177dc523b61de9e51a18fc -> 
  custom:container-demuxer-ogg: 62fdf1f143b41e24485cea50d1cbac27 -> 
  custom:video-decoder-ogg-theora: a1e56fd34408186e4bbccfd4996cb3dc -> 
  custom:framework-win-MediaFoundation: 216162199b28c13a410421893ffa2e32 -> 
  custom:scripting/monoscript/fileName/ScrollerEditor.cs: b3df2dcf1f65b7cf02fa2f870241096c -> 
  custom:scripting/monoscript/fileName/ContainClip.cs: eb1ccbfd925c44140f0ef623cb45fca1 -> 
  custom:scripting/monoscript/fileName/ResumeAnimator.cs: 47698f3fc95a4492af771ef1d094cd65 -> 
  custom:scripting/monoscript/fileName/ItemControllerLimited.cs: 891782801e2a84cf00234c5ec72321ee -> 
  custom:scripting/monoscript/fileName/UIInfinite.cs: 2de8123a93e23a691da1fa8a34f0264c -> 8d609a19623647efe25830a11b2767ba
  custom:scripting/monoscript/fileName/InfiniteScroll.cs: 771961bfdab7ffdb7fb9b64b7ff3aeea -> 
  custom:CustomObjectIndexerAttribute: 43b350a4d6e6d1791af0b5038c4bea17 -> 
  custom:container-demuxer-webm: 4f35f7cbe854078d1ac9338744f61a02 -> 
  custom:scripting/monoscript/fileName/ScrollContent.cs: 8bd94bae2a7176f9a6c8e8e1635410dd -> 
  custom:scripting/monoscript/fileName/AnimatorParameter.cs: 8e2ab5bc4003954b935a0e4b79043e58 -> 
  custom:container-muxer-webm: aa71ff27fc2769a1b78a27578f13a17b -> 
  custom:video-decoder-webm-vp8: 9c59270c3fd7afecdb556c50c9e8de78 -> 
  custom:SearchIndexIgnoredProperties: e643bd26f0fe6173181afceb89e7c659 -> 
  custom:scripting/monoscript/fileName/ActiveDeactiveObject.cs: 0e781f0b78d4b55abfb336a8658e9d9a -> 
  custom:AudioImporter_EditorPlatform: d09bf68614088b80899f8185d706f6e7 -> 
  custom:scripting/monoscript/fileName/ItemControllerLoop.cs: a906ddeb7c2072953f1dcb08046961bc -> 
  custom:scripting/monoscript/fileName/Scroller.cs: 758c316556a139f9f0a8c657625ecaa2 -> 
  custom:video-encoder-webm-vp8: eb34c28f22e8b96e1ab97ce403110664 -> 
  custom:scripting/monoscript/fileName/RingCommand.cs: 7600c151c6a5e5a6a547af89be241aaa -> 
  custom:audio-decoder-ogg-vorbis: bf7c407c2cedff20999df2af8eb42d56 -> 
  custom:scripting/monoscript/fileName/Item.cs: edfd25bbe8f561e55c7415f9c3adacfe -> 
  custom:scripting/monoscript/fileName/IInfiniteScrollSetup.cs: 0b91d4c743f1a0896f554050f2abd75d -> 
  custom:audio-encoder-webm-vorbis: bf7c407c2cedff20999df2af8eb42d56 -> 
  custom:scripting/monoscript/fileName/ItemControllerInfinite.cs: 4c5366eba29133d45be318638d481a88 -> 
========================================================================
Received Prepare
Begin MonoManager ReloadAssembly
- Loaded All Assemblies, in  0.324 seconds
Refreshing native plugins compatible for Editor in 1.37 ms, found 3 plugins.
Native extension for WindowsStandalone target not found
Native extension for iOS target not found
Native extension for Android target not found
[Package Manager] Server::EnsureServerProcessIsRunning -- launch failed, reason: Unity was launched with the -noUpm command-line argument
[Package Manager] UpmClient::Send -- Unable to send message (not connected to UPM process).
[Package Manager] Cannot connect to Unity Package Manager local server
Mono: successfully reloaded assembly
- Finished resetting the current domain, in  0.583 seconds
Domain Reload Profiling: 905ms
	BeginReloadAssembly (108ms)
		ExecutionOrderSort (0ms)
		DisableScriptedObjects (4ms)
		BackupInstance (0ms)
		ReleaseScriptingObjects (0ms)
		CreateAndSetChildDomain (23ms)
	RebuildCommonClasses (21ms)
	RebuildNativeTypeToScriptingClass (7ms)
	initialDomainReloadingComplete (20ms)
	LoadAllAssembliesAndSetupDomain (166ms)
		LoadAssemblies (211ms)
		RebuildTransferFunctionScriptingTraits (0ms)
		AnalyzeDomain (11ms)
			TypeCache.Refresh (6ms)
				TypeCache.ScanAssembly (0ms)
			ScanForSourceGeneratedMonoScriptInfo (0ms)
			ResolveRequiredComponents (4ms)
	FinalizeReload (583ms)
		ReleaseScriptCaches (0ms)
		RebuildScriptCaches (0ms)
		SetupLoadedEditorAssemblies (314ms)
			LogAssemblyErrors (0ms)
			InitializePlatformSupportModulesInManaged (25ms)
			SetLoadedEditorAssemblies (3ms)
			RefreshPlugins (0ms)
			BeforeProcessingInitializeOnLoad (51ms)
			ProcessInitializeOnLoadAttributes (199ms)
			ProcessInitializeOnLoadMethodAttributes (32ms)
			AfterProcessingInitializeOnLoad (3ms)
			EditorAssembliesLoaded (0ms)
		ExecutionOrderSort2 (0ms)
		AwakeInstancesAfterBackupRestoration (8ms)
Refreshing native plugins compatible for Editor in 1.34 ms, found 3 plugins.
Preloading 0 native plugins for Editor in 0.00 ms.
Unloading 3848 Unused Serialized files (Serialized files now loaded: 0)
Unloading 23 unused Assets / (31.0 KB). Loaded Objects now: 4378.
Memory consumption went from 164.6 MB to 164.6 MB.
Total: 2.336900 ms (FindLiveObjects: 0.181100 ms CreateObjectMapping: 0.129900 ms MarkObjects: 1.991400 ms  DeleteObjects: 0.034000 ms)

Prepare: number of updated asset objects reloaded= 0
AssetImportParameters requested are different than current active one (requested -> active):
  custom:scripting/monoscript/fileName/PlayAnimationClip.cs: 36e1592a5d177dc523b61de9e51a18fc -> 
  custom:container-demuxer-ogg: 62fdf1f143b41e24485cea50d1cbac27 -> 
  custom:video-decoder-ogg-theora: a1e56fd34408186e4bbccfd4996cb3dc -> 
  custom:framework-win-MediaFoundation: 216162199b28c13a410421893ffa2e32 -> 
  custom:scripting/monoscript/fileName/ScrollerEditor.cs: b3df2dcf1f65b7cf02fa2f870241096c -> 
  custom:scripting/monoscript/fileName/ContainClip.cs: eb1ccbfd925c44140f0ef623cb45fca1 -> 
  custom:scripting/monoscript/fileName/ResumeAnimator.cs: 47698f3fc95a4492af771ef1d094cd65 -> 
  custom:scripting/monoscript/fileName/ItemControllerLimited.cs: 891782801e2a84cf00234c5ec72321ee -> 
  custom:scripting/monoscript/fileName/UIInfinite.cs: 2de8123a93e23a691da1fa8a34f0264c -> 8d609a19623647efe25830a11b2767ba
  custom:scripting/monoscript/fileName/InfiniteScroll.cs: 771961bfdab7ffdb7fb9b64b7ff3aeea -> 
  custom:CustomObjectIndexerAttribute: 43b350a4d6e6d1791af0b5038c4bea17 -> 
  custom:container-demuxer-webm: 4f35f7cbe854078d1ac9338744f61a02 -> 
  custom:scripting/monoscript/fileName/ScrollContent.cs: 8bd94bae2a7176f9a6c8e8e1635410dd -> 
  custom:scripting/monoscript/fileName/AnimatorParameter.cs: 8e2ab5bc4003954b935a0e4b79043e58 -> 
  custom:container-muxer-webm: aa71ff27fc2769a1b78a27578f13a17b -> 
  custom:video-decoder-webm-vp8: 9c59270c3fd7afecdb556c50c9e8de78 -> 
  custom:SearchIndexIgnoredProperties: e643bd26f0fe6173181afceb89e7c659 -> 
  custom:scripting/monoscript/fileName/ActiveDeactiveObject.cs: 0e781f0b78d4b55abfb336a8658e9d9a -> 
  custom:AudioImporter_EditorPlatform: d09bf68614088b80899f8185d706f6e7 -> 
  custom:scripting/monoscript/fileName/ItemControllerLoop.cs: a906ddeb7c2072953f1dcb08046961bc -> 
  custom:scripting/monoscript/fileName/Scroller.cs: 758c316556a139f9f0a8c657625ecaa2 -> 
  custom:video-encoder-webm-vp8: eb34c28f22e8b96e1ab97ce403110664 -> 
  custom:scripting/monoscript/fileName/RingCommand.cs: 7600c151c6a5e5a6a547af89be241aaa -> 
  custom:audio-decoder-ogg-vorbis: bf7c407c2cedff20999df2af8eb42d56 -> 
  custom:scripting/monoscript/fileName/Item.cs: edfd25bbe8f561e55c7415f9c3adacfe -> 
  custom:scripting/monoscript/fileName/IInfiniteScrollSetup.cs: 0b91d4c743f1a0896f554050f2abd75d -> 
  custom:audio-encoder-webm-vorbis: bf7c407c2cedff20999df2af8eb42d56 -> 
  custom:scripting/monoscript/fileName/ItemControllerInfinite.cs: 4c5366eba29133d45be318638d481a88 -> 
========================================================================
Received Import Request.
  Time since last request: 597.995553 seconds.
  path: Assets/Resources_moved/UI/UIInfinite.prefab
  artifactKey: Guid(1b0297606fb60d344afb131730c7ed2f) Importer(815301076,1909f56bfc062723c751e8b465ee728b)
Start importing Assets/Resources_moved/UI/UIInfinite.prefab using Guid(1b0297606fb60d344afb131730c7ed2f) Importer(815301076,1909f56bfc062723c751e8b465ee728b)  -> (artifact id: '278ca905379109bb8cb50bb5fb5ff904') in 0.019106 seconds
Number of updated asset objects reloaded before import = 0
Number of asset objects unloaded after import = 21
========================================================================
Received Prepare
Begin MonoManager ReloadAssembly
- Loaded All Assemblies, in  0.289 seconds
Refreshing native plugins compatible for Editor in 1.62 ms, found 3 plugins.
Native extension for WindowsStandalone target not found
Native extension for iOS target not found
Native extension for Android target not found
[Package Manager] Server::EnsureServerProcessIsRunning -- launch failed, reason: Unity was launched with the -noUpm command-line argument
[Package Manager] UpmClient::Send -- Unable to send message (not connected to UPM process).
[Package Manager] Cannot connect to Unity Package Manager local server
Mono: successfully reloaded assembly
- Finished resetting the current domain, in  0.523 seconds
Domain Reload Profiling: 810ms
	BeginReloadAssembly (112ms)
		ExecutionOrderSort (0ms)
		DisableScriptedObjects (3ms)
		BackupInstance (0ms)
		ReleaseScriptingObjects (0ms)
		CreateAndSetChildDomain (25ms)
	RebuildCommonClasses (20ms)
	RebuildNativeTypeToScriptingClass (7ms)
	initialDomainReloadingComplete (17ms)
	LoadAllAssembliesAndSetupDomain (132ms)
		LoadAssemblies (181ms)
		RebuildTransferFunctionScriptingTraits (0ms)
		AnalyzeDomain (10ms)
			TypeCache.Refresh (5ms)
				TypeCache.ScanAssembly (0ms)
			ScanForSourceGeneratedMonoScriptInfo (0ms)
			ResolveRequiredComponents (4ms)
	FinalizeReload (523ms)
		ReleaseScriptCaches (0ms)
		RebuildScriptCaches (0ms)
		SetupLoadedEditorAssemblies (259ms)
			LogAssemblyErrors (0ms)
			InitializePlatformSupportModulesInManaged (21ms)
			SetLoadedEditorAssemblies (3ms)
			RefreshPlugins (0ms)
			BeforeProcessingInitializeOnLoad (41ms)
			ProcessInitializeOnLoadAttributes (166ms)
			ProcessInitializeOnLoadMethodAttributes (25ms)
			AfterProcessingInitializeOnLoad (3ms)
			EditorAssembliesLoaded (0ms)
		ExecutionOrderSort2 (0ms)
		AwakeInstancesAfterBackupRestoration (8ms)
Refreshing native plugins compatible for Editor in 1.56 ms, found 3 plugins.
Preloading 0 native plugins for Editor in 0.00 ms.
Unloading 3847 Unused Serialized files (Serialized files now loaded: 0)
Unloading 25 unused Assets / (32.6 KB). Loaded Objects now: 4381.
Memory consumption went from 166.3 MB to 166.2 MB.
Total: 2.225500 ms (FindLiveObjects: 0.193500 ms CreateObjectMapping: 0.089300 ms MarkObjects: 1.904400 ms  DeleteObjects: 0.037500 ms)

Prepare: number of updated asset objects reloaded= 0
AssetImportParameters requested are different than current active one (requested -> active):
  custom:scripting/monoscript/fileName/PlayAnimationClip.cs: 36e1592a5d177dc523b61de9e51a18fc -> 
  custom:container-demuxer-ogg: 62fdf1f143b41e24485cea50d1cbac27 -> 
  custom:video-decoder-ogg-theora: a1e56fd34408186e4bbccfd4996cb3dc -> 
  custom:framework-win-MediaFoundation: 216162199b28c13a410421893ffa2e32 -> 
  custom:scripting/monoscript/fileName/ScrollerEditor.cs: b3df2dcf1f65b7cf02fa2f870241096c -> 
  custom:scripting/monoscript/fileName/ContainClip.cs: eb1ccbfd925c44140f0ef623cb45fca1 -> 
  custom:scripting/monoscript/fileName/ResumeAnimator.cs: 47698f3fc95a4492af771ef1d094cd65 -> 
  custom:scripting/monoscript/fileName/ItemControllerLimited.cs: 891782801e2a84cf00234c5ec72321ee -> 
  custom:scripting/monoscript/fileName/UIInfinite.cs: 2de8123a93e23a691da1fa8a34f0264c -> 8d609a19623647efe25830a11b2767ba
  custom:scripting/monoscript/fileName/InfiniteScroll.cs: 771961bfdab7ffdb7fb9b64b7ff3aeea -> 
  custom:CustomObjectIndexerAttribute: 43b350a4d6e6d1791af0b5038c4bea17 -> 
  custom:container-demuxer-webm: 4f35f7cbe854078d1ac9338744f61a02 -> 
  custom:scripting/monoscript/fileName/ScrollContent.cs: 8bd94bae2a7176f9a6c8e8e1635410dd -> 
  custom:scripting/monoscript/fileName/AnimatorParameter.cs: 8e2ab5bc4003954b935a0e4b79043e58 -> 
  custom:container-muxer-webm: aa71ff27fc2769a1b78a27578f13a17b -> 
  custom:video-decoder-webm-vp8: 9c59270c3fd7afecdb556c50c9e8de78 -> 
  custom:SearchIndexIgnoredProperties: e643bd26f0fe6173181afceb89e7c659 -> 
  custom:scripting/monoscript/fileName/ActiveDeactiveObject.cs: 0e781f0b78d4b55abfb336a8658e9d9a -> 
  custom:AudioImporter_EditorPlatform: d09bf68614088b80899f8185d706f6e7 -> 
  custom:scripting/monoscript/fileName/ItemControllerLoop.cs: a906ddeb7c2072953f1dcb08046961bc -> 
  custom:scripting/monoscript/fileName/Scroller.cs: 758c316556a139f9f0a8c657625ecaa2 -> 
  custom:video-encoder-webm-vp8: eb34c28f22e8b96e1ab97ce403110664 -> 
  custom:scripting/monoscript/fileName/RingCommand.cs: 7600c151c6a5e5a6a547af89be241aaa -> 
  custom:audio-decoder-ogg-vorbis: bf7c407c2cedff20999df2af8eb42d56 -> 
  custom:scripting/monoscript/fileName/Item.cs: edfd25bbe8f561e55c7415f9c3adacfe -> 
  custom:scripting/monoscript/fileName/IInfiniteScrollSetup.cs: 0b91d4c743f1a0896f554050f2abd75d -> 
  custom:audio-encoder-webm-vorbis: bf7c407c2cedff20999df2af8eb42d56 -> 
  custom:scripting/monoscript/fileName/ItemControllerInfinite.cs: 4c5366eba29133d45be318638d481a88 -> 
